<?xml version="1.0" encoding="UTF-8"?>
<!-- Generated by org.testng.reporters.JUnitReportReporter -->
<testsuite skipped="0" hostname="D572R1G2" name="Automation.PS.MISC.PPD_RN_ENDORSE" tests="620" failures="0" timestamp="13 Mar 2019 17:17:18 GMT" time="6307.829" errors="0">
  <testcase name="RunPPD_RN_ENDORSE" time="9.295" classname="Automation.PS.MISC.PPD_RN_ENDORSE"/>
  <testcase name="RunPPD_RN_ENDORSE" time="8.694" classname="Automation.PS.MISC.PPD_RN_ENDORSE"/>
  <testcase name="RunPPD_RN_ENDORSE" time="11.415" classname="Automation.PS.MISC.PPD_RN_ENDORSE"/>
  <testcase name="RunPPD_RN_ENDORSE" time="8.275" classname="Automation.PS.MISC.PPD_RN_ENDORSE"/>
  <testcase name="RunPPD_RN_ENDORSE" time="8.217" classname="Automation.PS.MISC.PPD_RN_ENDORSE"/>
  <testcase name="RunPPD_RN_ENDORSE" time="9.696" classname="Automation.PS.MISC.PPD_RN_ENDORSE"/>
  <testcase name="RunPPD_RN_ENDORSE" time="9.138" classname="Automation.PS.MISC.PPD_RN_ENDORSE"/>
  <testcase name="RunPPD_RN_ENDORSE" time="10.341" classname="Automation.PS.MISC.PPD_RN_ENDORSE"/>
  <testcase name="RunPPD_RN_ENDORSE" time="8.543" classname="Automation.PS.MISC.PPD_RN_ENDORSE"/>
  <testcase name="RunPPD_RN_ENDORSE" time="14.078" classname="Automation.PS.MISC.PPD_RN_ENDORSE"/>
  <testcase name="RunPPD_RN_ENDORSE" time="8.743" classname="Automation.PS.MISC.PPD_RN_ENDORSE"/>
  <testcase name="RunPPD_RN_ENDORSE" time="12.181" classname="Automation.PS.MISC.PPD_RN_ENDORSE"/>
  <testcase name="RunPPD_RN_ENDORSE" time="8.534" classname="Automation.PS.MISC.PPD_RN_ENDORSE"/>
  <testcase name="RunPPD_RN_ENDORSE" time="9.444" classname="Automation.PS.MISC.PPD_RN_ENDORSE"/>
  <testcase name="RunPPD_RN_ENDORSE" time="9.119" classname="Automation.PS.MISC.PPD_RN_ENDORSE"/>
  <testcase name="RunPPD_RN_ENDORSE" time="8.161" classname="Automation.PS.MISC.PPD_RN_ENDORSE"/>
  <testcase name="RunPPD_RN_ENDORSE" time="12.385" classname="Automation.PS.MISC.PPD_RN_ENDORSE"/>
  <testcase name="RunPPD_RN_ENDORSE" time="10.010" classname="Automation.PS.MISC.PPD_RN_ENDORSE"/>
  <testcase name="RunPPD_RN_ENDORSE" time="13.916" classname="Automation.PS.MISC.PPD_RN_ENDORSE"/>
  <testcase name="RunPPD_RN_ENDORSE" time="12.836" classname="Automation.PS.MISC.PPD_RN_ENDORSE"/>
  <testcase name="RunPPD_RN_ENDORSE" time="7.973" classname="Automation.PS.MISC.PPD_RN_ENDORSE"/>
  <testcase name="RunPPD_RN_ENDORSE" time="8.345" classname="Automation.PS.MISC.PPD_RN_ENDORSE"/>
  <testcase name="RunPPD_RN_ENDORSE" time="12.092" classname="Automation.PS.MISC.PPD_RN_ENDORSE"/>
  <testcase name="RunPPD_RN_ENDORSE" time="11.425" classname="Automation.PS.MISC.PPD_RN_ENDORSE"/>
  <testcase name="RunPPD_RN_ENDORSE" time="10.157" classname="Automation.PS.MISC.PPD_RN_ENDORSE"/>
  <testcase name="RunPPD_RN_ENDORSE" time="9.851" classname="Automation.PS.MISC.PPD_RN_ENDORSE"/>
  <testcase name="RunPPD_RN_ENDORSE" time="6.704" classname="Automation.PS.MISC.PPD_RN_ENDORSE"/>
  <testcase name="RunPPD_RN_ENDORSE" time="2.495" classname="Automation.PS.MISC.PPD_RN_ENDORSE"/>
  <testcase name="RunPPD_RN_ENDORSE" time="10.876" classname="Automation.PS.MISC.PPD_RN_ENDORSE"/>
  <testcase name="RunPPD_RN_ENDORSE" time="7.863" classname="Automation.PS.MISC.PPD_RN_ENDORSE"/>
  <testcase name="RunPPD_RN_ENDORSE" time="7.303" classname="Automation.PS.MISC.PPD_RN_ENDORSE"/>
  <testcase name="RunPPD_RN_ENDORSE" time="11.359" classname="Automation.PS.MISC.PPD_RN_ENDORSE"/>
  <testcase name="RunPPD_RN_ENDORSE" time="10.601" classname="Automation.PS.MISC.PPD_RN_ENDORSE"/>
  <testcase name="RunPPD_RN_ENDORSE" time="9.681" classname="Automation.PS.MISC.PPD_RN_ENDORSE"/>
  <testcase name="RunPPD_RN_ENDORSE" time="7.717" classname="Automation.PS.MISC.PPD_RN_ENDORSE"/>
  <testcase name="RunPPD_RN_ENDORSE" time="6.948" classname="Automation.PS.MISC.PPD_RN_ENDORSE"/>
  <testcase name="RunPPD_RN_ENDORSE" time="9.151" classname="Automation.PS.MISC.PPD_RN_ENDORSE"/>
  <testcase name="RunPPD_RN_ENDORSE" time="10.814" classname="Automation.PS.MISC.PPD_RN_ENDORSE"/>
  <testcase name="RunPPD_RN_ENDORSE" time="11.382" classname="Automation.PS.MISC.PPD_RN_ENDORSE"/>
  <testcase name="RunPPD_RN_ENDORSE" time="10.464" classname="Automation.PS.MISC.PPD_RN_ENDORSE"/>
  <testcase name="RunPPD_RN_ENDORSE" time="11.913" classname="Automation.PS.MISC.PPD_RN_ENDORSE"/>
  <testcase name="RunPPD_RN_ENDORSE" time="10.637" classname="Automation.PS.MISC.PPD_RN_ENDORSE"/>
  <testcase name="RunPPD_RN_ENDORSE" time="7.917" classname="Automation.PS.MISC.PPD_RN_ENDORSE"/>
  <testcase name="RunPPD_RN_ENDORSE" time="10.797" classname="Automation.PS.MISC.PPD_RN_ENDORSE"/>
  <testcase name="RunPPD_RN_ENDORSE" time="7.082" classname="Automation.PS.MISC.PPD_RN_ENDORSE"/>
  <testcase name="RunPPD_RN_ENDORSE" time="15.619" classname="Automation.PS.MISC.PPD_RN_ENDORSE"/>
  <testcase name="RunPPD_RN_ENDORSE" time="8.251" classname="Automation.PS.MISC.PPD_RN_ENDORSE"/>
  <testcase name="RunPPD_RN_ENDORSE" time="11.707" classname="Automation.PS.MISC.PPD_RN_ENDORSE"/>
  <testcase name="RunPPD_RN_ENDORSE" time="8.258" classname="Automation.PS.MISC.PPD_RN_ENDORSE"/>
  <testcase name="RunPPD_RN_ENDORSE" time="9.057" classname="Automation.PS.MISC.PPD_RN_ENDORSE"/>
  <testcase name="RunPPD_RN_ENDORSE" time="11.852" classname="Automation.PS.MISC.PPD_RN_ENDORSE"/>
  <testcase name="RunPPD_RN_ENDORSE" time="9.360" classname="Automation.PS.MISC.PPD_RN_ENDORSE"/>
  <testcase name="RunPPD_RN_ENDORSE" time="7.615" classname="Automation.PS.MISC.PPD_RN_ENDORSE"/>
  <testcase name="RunPPD_RN_ENDORSE" time="11.486" classname="Automation.PS.MISC.PPD_RN_ENDORSE"/>
  <testcase name="RunPPD_RN_ENDORSE" time="14.728" classname="Automation.PS.MISC.PPD_RN_ENDORSE"/>
  <testcase name="RunPPD_RN_ENDORSE" time="11.062" classname="Automation.PS.MISC.PPD_RN_ENDORSE"/>
  <testcase name="RunPPD_RN_ENDORSE" time="10.170" classname="Automation.PS.MISC.PPD_RN_ENDORSE"/>
  <testcase name="RunPPD_RN_ENDORSE" time="10.170" classname="Automation.PS.MISC.PPD_RN_ENDORSE"/>
  <testcase name="RunPPD_RN_ENDORSE" time="9.896" classname="Automation.PS.MISC.PPD_RN_ENDORSE"/>
  <testcase name="RunPPD_RN_ENDORSE" time="7.369" classname="Automation.PS.MISC.PPD_RN_ENDORSE"/>
  <testcase name="RunPPD_RN_ENDORSE" time="14.609" classname="Automation.PS.MISC.PPD_RN_ENDORSE"/>
  <testcase name="RunPPD_RN_ENDORSE" time="8.001" classname="Automation.PS.MISC.PPD_RN_ENDORSE"/>
  <testcase name="RunPPD_RN_ENDORSE" time="8.816" classname="Automation.PS.MISC.PPD_RN_ENDORSE"/>
  <testcase name="RunPPD_RN_ENDORSE" time="15.793" classname="Automation.PS.MISC.PPD_RN_ENDORSE"/>
  <testcase name="RunPPD_RN_ENDORSE" time="10.179" classname="Automation.PS.MISC.PPD_RN_ENDORSE"/>
  <testcase name="RunPPD_RN_ENDORSE" time="12.567" classname="Automation.PS.MISC.PPD_RN_ENDORSE"/>
  <testcase name="RunPPD_RN_ENDORSE" time="9.487" classname="Automation.PS.MISC.PPD_RN_ENDORSE"/>
  <testcase name="RunPPD_RN_ENDORSE" time="8.341" classname="Automation.PS.MISC.PPD_RN_ENDORSE"/>
  <testcase name="RunPPD_RN_ENDORSE" time="9.872" classname="Automation.PS.MISC.PPD_RN_ENDORSE"/>
  <testcase name="RunPPD_RN_ENDORSE" time="10.454" classname="Automation.PS.MISC.PPD_RN_ENDORSE"/>
  <testcase name="RunPPD_RN_ENDORSE" time="19.671" classname="Automation.PS.MISC.PPD_RN_ENDORSE"/>
  <testcase name="RunPPD_RN_ENDORSE" time="9.907" classname="Automation.PS.MISC.PPD_RN_ENDORSE"/>
  <testcase name="RunPPD_RN_ENDORSE" time="12.628" classname="Automation.PS.MISC.PPD_RN_ENDORSE"/>
  <testcase name="RunPPD_RN_ENDORSE" time="7.835" classname="Automation.PS.MISC.PPD_RN_ENDORSE"/>
  <testcase name="RunPPD_RN_ENDORSE" time="9.592" classname="Automation.PS.MISC.PPD_RN_ENDORSE"/>
  <testcase name="RunPPD_RN_ENDORSE" time="7.109" classname="Automation.PS.MISC.PPD_RN_ENDORSE"/>
  <testcase name="RunPPD_RN_ENDORSE" time="7.409" classname="Automation.PS.MISC.PPD_RN_ENDORSE"/>
  <testcase name="RunPPD_RN_ENDORSE" time="11.003" classname="Automation.PS.MISC.PPD_RN_ENDORSE"/>
  <testcase name="RunPPD_RN_ENDORSE" time="9.979" classname="Automation.PS.MISC.PPD_RN_ENDORSE"/>
  <testcase name="RunPPD_RN_ENDORSE" time="10.056" classname="Automation.PS.MISC.PPD_RN_ENDORSE"/>
  <testcase name="RunPPD_RN_ENDORSE" time="7.898" classname="Automation.PS.MISC.PPD_RN_ENDORSE"/>
  <testcase name="RunPPD_RN_ENDORSE" time="8.623" classname="Automation.PS.MISC.PPD_RN_ENDORSE"/>
  <testcase name="RunPPD_RN_ENDORSE" time="10.523" classname="Automation.PS.MISC.PPD_RN_ENDORSE"/>
  <testcase name="RunPPD_RN_ENDORSE" time="14.603" classname="Automation.PS.MISC.PPD_RN_ENDORSE"/>
  <testcase name="RunPPD_RN_ENDORSE" time="10.222" classname="Automation.PS.MISC.PPD_RN_ENDORSE"/>
  <testcase name="RunPPD_RN_ENDORSE" time="12.741" classname="Automation.PS.MISC.PPD_RN_ENDORSE"/>
  <testcase name="RunPPD_RN_ENDORSE" time="14.817" classname="Automation.PS.MISC.PPD_RN_ENDORSE"/>
  <testcase name="RunPPD_RN_ENDORSE" time="10.835" classname="Automation.PS.MISC.PPD_RN_ENDORSE"/>
  <testcase name="RunPPD_RN_ENDORSE" time="11.720" classname="Automation.PS.MISC.PPD_RN_ENDORSE"/>
  <testcase name="RunPPD_RN_ENDORSE" time="7.606" classname="Automation.PS.MISC.PPD_RN_ENDORSE"/>
  <testcase name="RunPPD_RN_ENDORSE" time="10.049" classname="Automation.PS.MISC.PPD_RN_ENDORSE"/>
  <testcase name="RunPPD_RN_ENDORSE" time="9.082" classname="Automation.PS.MISC.PPD_RN_ENDORSE"/>
  <testcase name="RunPPD_RN_ENDORSE" time="11.544" classname="Automation.PS.MISC.PPD_RN_ENDORSE"/>
  <testcase name="RunPPD_RN_ENDORSE" time="7.665" classname="Automation.PS.MISC.PPD_RN_ENDORSE"/>
  <testcase name="RunPPD_RN_ENDORSE" time="11.303" classname="Automation.PS.MISC.PPD_RN_ENDORSE"/>
  <testcase name="RunPPD_RN_ENDORSE" time="10.606" classname="Automation.PS.MISC.PPD_RN_ENDORSE"/>
  <testcase name="RunPPD_RN_ENDORSE" time="14.267" classname="Automation.PS.MISC.PPD_RN_ENDORSE"/>
  <testcase name="RunPPD_RN_ENDORSE" time="9.549" classname="Automation.PS.MISC.PPD_RN_ENDORSE"/>
  <testcase name="RunPPD_RN_ENDORSE" time="5.596" classname="Automation.PS.MISC.PPD_RN_ENDORSE"/>
  <testcase name="RunPPD_RN_ENDORSE" time="9.003" classname="Automation.PS.MISC.PPD_RN_ENDORSE"/>
  <testcase name="RunPPD_RN_ENDORSE" time="9.794" classname="Automation.PS.MISC.PPD_RN_ENDORSE"/>
  <testcase name="RunPPD_RN_ENDORSE" time="9.781" classname="Automation.PS.MISC.PPD_RN_ENDORSE"/>
  <testcase name="RunPPD_RN_ENDORSE" time="7.684" classname="Automation.PS.MISC.PPD_RN_ENDORSE"/>
  <testcase name="RunPPD_RN_ENDORSE" time="9.080" classname="Automation.PS.MISC.PPD_RN_ENDORSE"/>
  <testcase name="RunPPD_RN_ENDORSE" time="8.554" classname="Automation.PS.MISC.PPD_RN_ENDORSE"/>
  <testcase name="RunPPD_RN_ENDORSE" time="7.763" classname="Automation.PS.MISC.PPD_RN_ENDORSE"/>
  <testcase name="RunPPD_RN_ENDORSE" time="6.786" classname="Automation.PS.MISC.PPD_RN_ENDORSE"/>
  <testcase name="RunPPD_RN_ENDORSE" time="11.274" classname="Automation.PS.MISC.PPD_RN_ENDORSE"/>
  <testcase name="RunPPD_RN_ENDORSE" time="8.214" classname="Automation.PS.MISC.PPD_RN_ENDORSE"/>
  <testcase name="RunPPD_RN_ENDORSE" time="9.324" classname="Automation.PS.MISC.PPD_RN_ENDORSE"/>
  <testcase name="RunPPD_RN_ENDORSE" time="10.752" classname="Automation.PS.MISC.PPD_RN_ENDORSE"/>
  <testcase name="RunPPD_RN_ENDORSE" time="14.621" classname="Automation.PS.MISC.PPD_RN_ENDORSE"/>
  <testcase name="RunPPD_RN_ENDORSE" time="10.647" classname="Automation.PS.MISC.PPD_RN_ENDORSE"/>
  <testcase name="RunPPD_RN_ENDORSE" time="11.183" classname="Automation.PS.MISC.PPD_RN_ENDORSE"/>
  <testcase name="RunPPD_RN_ENDORSE" time="9.124" classname="Automation.PS.MISC.PPD_RN_ENDORSE"/>
  <testcase name="RunPPD_RN_ENDORSE" time="7.043" classname="Automation.PS.MISC.PPD_RN_ENDORSE"/>
  <testcase name="RunPPD_RN_ENDORSE" time="6.500" classname="Automation.PS.MISC.PPD_RN_ENDORSE"/>
  <testcase name="RunPPD_RN_ENDORSE" time="10.863" classname="Automation.PS.MISC.PPD_RN_ENDORSE"/>
  <testcase name="RunPPD_RN_ENDORSE" time="7.832" classname="Automation.PS.MISC.PPD_RN_ENDORSE"/>
  <testcase name="RunPPD_RN_ENDORSE" time="9.697" classname="Automation.PS.MISC.PPD_RN_ENDORSE"/>
  <testcase name="RunPPD_RN_ENDORSE" time="9.160" classname="Automation.PS.MISC.PPD_RN_ENDORSE"/>
  <testcase name="RunPPD_RN_ENDORSE" time="12.708" classname="Automation.PS.MISC.PPD_RN_ENDORSE"/>
  <testcase name="RunPPD_RN_ENDORSE" time="11.396" classname="Automation.PS.MISC.PPD_RN_ENDORSE"/>
  <testcase name="RunPPD_RN_ENDORSE" time="8.751" classname="Automation.PS.MISC.PPD_RN_ENDORSE"/>
  <testcase name="RunPPD_RN_ENDORSE" time="6.842" classname="Automation.PS.MISC.PPD_RN_ENDORSE"/>
  <testcase name="RunPPD_RN_ENDORSE" time="10.355" classname="Automation.PS.MISC.PPD_RN_ENDORSE"/>
  <testcase name="RunPPD_RN_ENDORSE" time="9.885" classname="Automation.PS.MISC.PPD_RN_ENDORSE"/>
  <testcase name="RunPPD_RN_ENDORSE" time="11.425" classname="Automation.PS.MISC.PPD_RN_ENDORSE"/>
  <testcase name="RunPPD_RN_ENDORSE" time="10.971" classname="Automation.PS.MISC.PPD_RN_ENDORSE"/>
  <testcase name="RunPPD_RN_ENDORSE" time="11.275" classname="Automation.PS.MISC.PPD_RN_ENDORSE"/>
  <testcase name="RunPPD_RN_ENDORSE" time="16.040" classname="Automation.PS.MISC.PPD_RN_ENDORSE"/>
  <testcase name="RunPPD_RN_ENDORSE" time="9.586" classname="Automation.PS.MISC.PPD_RN_ENDORSE"/>
  <testcase name="RunPPD_RN_ENDORSE" time="11.075" classname="Automation.PS.MISC.PPD_RN_ENDORSE"/>
  <testcase name="RunPPD_RN_ENDORSE" time="13.799" classname="Automation.PS.MISC.PPD_RN_ENDORSE"/>
  <testcase name="RunPPD_RN_ENDORSE" time="9.255" classname="Automation.PS.MISC.PPD_RN_ENDORSE"/>
  <testcase name="RunPPD_RN_ENDORSE" time="9.047" classname="Automation.PS.MISC.PPD_RN_ENDORSE"/>
  <testcase name="RunPPD_RN_ENDORSE" time="8.072" classname="Automation.PS.MISC.PPD_RN_ENDORSE"/>
  <testcase name="RunPPD_RN_ENDORSE" time="9.686" classname="Automation.PS.MISC.PPD_RN_ENDORSE"/>
  <testcase name="RunPPD_RN_ENDORSE" time="10.761" classname="Automation.PS.MISC.PPD_RN_ENDORSE"/>
  <testcase name="RunPPD_RN_ENDORSE" time="10.509" classname="Automation.PS.MISC.PPD_RN_ENDORSE"/>
  <testcase name="RunPPD_RN_ENDORSE" time="9.163" classname="Automation.PS.MISC.PPD_RN_ENDORSE"/>
  <testcase name="RunPPD_RN_ENDORSE" time="8.899" classname="Automation.PS.MISC.PPD_RN_ENDORSE"/>
  <testcase name="RunPPD_RN_ENDORSE" time="8.821" classname="Automation.PS.MISC.PPD_RN_ENDORSE"/>
  <testcase name="RunPPD_RN_ENDORSE" time="9.441" classname="Automation.PS.MISC.PPD_RN_ENDORSE"/>
  <testcase name="RunPPD_RN_ENDORSE" time="10.061" classname="Automation.PS.MISC.PPD_RN_ENDORSE"/>
  <testcase name="RunPPD_RN_ENDORSE" time="7.753" classname="Automation.PS.MISC.PPD_RN_ENDORSE"/>
  <testcase name="RunPPD_RN_ENDORSE" time="9.338" classname="Automation.PS.MISC.PPD_RN_ENDORSE"/>
  <testcase name="RunPPD_RN_ENDORSE" time="11.016" classname="Automation.PS.MISC.PPD_RN_ENDORSE"/>
  <testcase name="RunPPD_RN_ENDORSE" time="9.473" classname="Automation.PS.MISC.PPD_RN_ENDORSE"/>
  <testcase name="RunPPD_RN_ENDORSE" time="25.472" classname="Automation.PS.MISC.PPD_RN_ENDORSE"/>
  <testcase name="RunPPD_RN_ENDORSE" time="8.588" classname="Automation.PS.MISC.PPD_RN_ENDORSE"/>
  <testcase name="RunPPD_RN_ENDORSE" time="6.980" classname="Automation.PS.MISC.PPD_RN_ENDORSE"/>
  <testcase name="RunPPD_RN_ENDORSE" time="7.089" classname="Automation.PS.MISC.PPD_RN_ENDORSE"/>
  <testcase name="RunPPD_RN_ENDORSE" time="16.750" classname="Automation.PS.MISC.PPD_RN_ENDORSE"/>
  <testcase name="RunPPD_RN_ENDORSE" time="15.726" classname="Automation.PS.MISC.PPD_RN_ENDORSE"/>
  <testcase name="RunPPD_RN_ENDORSE" time="9.218" classname="Automation.PS.MISC.PPD_RN_ENDORSE"/>
  <testcase name="RunPPD_RN_ENDORSE" time="11.251" classname="Automation.PS.MISC.PPD_RN_ENDORSE"/>
  <testcase name="RunPPD_RN_ENDORSE" time="10.583" classname="Automation.PS.MISC.PPD_RN_ENDORSE"/>
  <testcase name="RunPPD_RN_ENDORSE" time="9.249" classname="Automation.PS.MISC.PPD_RN_ENDORSE"/>
  <testcase name="RunPPD_RN_ENDORSE" time="10.649" classname="Automation.PS.MISC.PPD_RN_ENDORSE"/>
  <testcase name="RunPPD_RN_ENDORSE" time="8.696" classname="Automation.PS.MISC.PPD_RN_ENDORSE"/>
  <testcase name="RunPPD_RN_ENDORSE" time="10.314" classname="Automation.PS.MISC.PPD_RN_ENDORSE"/>
  <testcase name="RunPPD_RN_ENDORSE" time="15.119" classname="Automation.PS.MISC.PPD_RN_ENDORSE"/>
  <testcase name="RunPPD_RN_ENDORSE" time="9.198" classname="Automation.PS.MISC.PPD_RN_ENDORSE"/>
  <testcase name="RunPPD_RN_ENDORSE" time="11.264" classname="Automation.PS.MISC.PPD_RN_ENDORSE"/>
  <testcase name="RunPPD_RN_ENDORSE" time="13.826" classname="Automation.PS.MISC.PPD_RN_ENDORSE"/>
  <testcase name="RunPPD_RN_ENDORSE" time="7.755" classname="Automation.PS.MISC.PPD_RN_ENDORSE"/>
  <testcase name="RunPPD_RN_ENDORSE" time="8.130" classname="Automation.PS.MISC.PPD_RN_ENDORSE"/>
  <testcase name="RunPPD_RN_ENDORSE" time="12.238" classname="Automation.PS.MISC.PPD_RN_ENDORSE"/>
  <testcase name="RunPPD_RN_ENDORSE" time="8.271" classname="Automation.PS.MISC.PPD_RN_ENDORSE"/>
  <testcase name="RunPPD_RN_ENDORSE" time="12.494" classname="Automation.PS.MISC.PPD_RN_ENDORSE"/>
  <testcase name="RunPPD_RN_ENDORSE" time="10.383" classname="Automation.PS.MISC.PPD_RN_ENDORSE"/>
  <testcase name="RunPPD_RN_ENDORSE" time="10.140" classname="Automation.PS.MISC.PPD_RN_ENDORSE"/>
  <testcase name="RunPPD_RN_ENDORSE" time="15.384" classname="Automation.PS.MISC.PPD_RN_ENDORSE"/>
  <testcase name="RunPPD_RN_ENDORSE" time="21.150" classname="Automation.PS.MISC.PPD_RN_ENDORSE"/>
  <testcase name="RunPPD_RN_ENDORSE" time="13.391" classname="Automation.PS.MISC.PPD_RN_ENDORSE"/>
  <testcase name="RunPPD_RN_ENDORSE" time="9.785" classname="Automation.PS.MISC.PPD_RN_ENDORSE"/>
  <testcase name="RunPPD_RN_ENDORSE" time="11.608" classname="Automation.PS.MISC.PPD_RN_ENDORSE"/>
  <testcase name="RunPPD_RN_ENDORSE" time="11.055" classname="Automation.PS.MISC.PPD_RN_ENDORSE"/>
  <testcase name="RunPPD_RN_ENDORSE" time="7.218" classname="Automation.PS.MISC.PPD_RN_ENDORSE"/>
  <testcase name="RunPPD_RN_ENDORSE" time="10.057" classname="Automation.PS.MISC.PPD_RN_ENDORSE"/>
  <testcase name="RunPPD_RN_ENDORSE" time="10.237" classname="Automation.PS.MISC.PPD_RN_ENDORSE"/>
  <testcase name="RunPPD_RN_ENDORSE" time="28.397" classname="Automation.PS.MISC.PPD_RN_ENDORSE"/>
  <testcase name="RunPPD_RN_ENDORSE" time="11.416" classname="Automation.PS.MISC.PPD_RN_ENDORSE"/>
  <testcase name="RunPPD_RN_ENDORSE" time="6.905" classname="Automation.PS.MISC.PPD_RN_ENDORSE"/>
  <testcase name="RunPPD_RN_ENDORSE" time="9.556" classname="Automation.PS.MISC.PPD_RN_ENDORSE"/>
  <testcase name="RunPPD_RN_ENDORSE" time="12.515" classname="Automation.PS.MISC.PPD_RN_ENDORSE"/>
  <testcase name="RunPPD_RN_ENDORSE" time="8.914" classname="Automation.PS.MISC.PPD_RN_ENDORSE"/>
  <testcase name="RunPPD_RN_ENDORSE" time="7.237" classname="Automation.PS.MISC.PPD_RN_ENDORSE"/>
  <testcase name="RunPPD_RN_ENDORSE" time="7.980" classname="Automation.PS.MISC.PPD_RN_ENDORSE"/>
  <testcase name="RunPPD_RN_ENDORSE" time="8.327" classname="Automation.PS.MISC.PPD_RN_ENDORSE"/>
  <testcase name="RunPPD_RN_ENDORSE" time="7.676" classname="Automation.PS.MISC.PPD_RN_ENDORSE"/>
  <testcase name="RunPPD_RN_ENDORSE" time="8.839" classname="Automation.PS.MISC.PPD_RN_ENDORSE"/>
  <testcase name="RunPPD_RN_ENDORSE" time="14.248" classname="Automation.PS.MISC.PPD_RN_ENDORSE"/>
  <testcase name="RunPPD_RN_ENDORSE" time="8.359" classname="Automation.PS.MISC.PPD_RN_ENDORSE"/>
  <testcase name="RunPPD_RN_ENDORSE" time="13.062" classname="Automation.PS.MISC.PPD_RN_ENDORSE"/>
  <testcase name="RunPPD_RN_ENDORSE" time="10.268" classname="Automation.PS.MISC.PPD_RN_ENDORSE"/>
  <testcase name="RunPPD_RN_ENDORSE" time="7.422" classname="Automation.PS.MISC.PPD_RN_ENDORSE"/>
  <testcase name="RunPPD_RN_ENDORSE" time="12.349" classname="Automation.PS.MISC.PPD_RN_ENDORSE"/>
  <testcase name="RunPPD_RN_ENDORSE" time="10.825" classname="Automation.PS.MISC.PPD_RN_ENDORSE"/>
  <testcase name="RunPPD_RN_ENDORSE" time="13.219" classname="Automation.PS.MISC.PPD_RN_ENDORSE"/>
  <testcase name="RunPPD_RN_ENDORSE" time="10.730" classname="Automation.PS.MISC.PPD_RN_ENDORSE"/>
  <testcase name="RunPPD_RN_ENDORSE" time="8.407" classname="Automation.PS.MISC.PPD_RN_ENDORSE"/>
  <testcase name="RunPPD_RN_ENDORSE" time="7.904" classname="Automation.PS.MISC.PPD_RN_ENDORSE"/>
  <testcase name="RunPPD_RN_ENDORSE" time="8.624" classname="Automation.PS.MISC.PPD_RN_ENDORSE"/>
  <testcase name="RunPPD_RN_ENDORSE" time="9.579" classname="Automation.PS.MISC.PPD_RN_ENDORSE"/>
  <testcase name="RunPPD_RN_ENDORSE" time="7.117" classname="Automation.PS.MISC.PPD_RN_ENDORSE"/>
  <testcase name="RunPPD_RN_ENDORSE" time="11.290" classname="Automation.PS.MISC.PPD_RN_ENDORSE"/>
  <testcase name="RunPPD_RN_ENDORSE" time="7.686" classname="Automation.PS.MISC.PPD_RN_ENDORSE"/>
  <testcase name="RunPPD_RN_ENDORSE" time="6.668" classname="Automation.PS.MISC.PPD_RN_ENDORSE"/>
  <testcase name="RunPPD_RN_ENDORSE" time="7.699" classname="Automation.PS.MISC.PPD_RN_ENDORSE"/>
  <testcase name="RunPPD_RN_ENDORSE" time="11.488" classname="Automation.PS.MISC.PPD_RN_ENDORSE"/>
  <testcase name="RunPPD_RN_ENDORSE" time="7.399" classname="Automation.PS.MISC.PPD_RN_ENDORSE"/>
  <testcase name="RunPPD_RN_ENDORSE" time="9.415" classname="Automation.PS.MISC.PPD_RN_ENDORSE"/>
  <testcase name="RunPPD_RN_ENDORSE" time="14.638" classname="Automation.PS.MISC.PPD_RN_ENDORSE"/>
  <testcase name="RunPPD_RN_ENDORSE" time="7.815" classname="Automation.PS.MISC.PPD_RN_ENDORSE"/>
  <testcase name="RunPPD_RN_ENDORSE" time="10.600" classname="Automation.PS.MISC.PPD_RN_ENDORSE"/>
  <testcase name="RunPPD_RN_ENDORSE" time="16.833" classname="Automation.PS.MISC.PPD_RN_ENDORSE"/>
  <testcase name="RunPPD_RN_ENDORSE" time="7.407" classname="Automation.PS.MISC.PPD_RN_ENDORSE"/>
  <testcase name="RunPPD_RN_ENDORSE" time="9.899" classname="Automation.PS.MISC.PPD_RN_ENDORSE"/>
  <testcase name="RunPPD_RN_ENDORSE" time="9.902" classname="Automation.PS.MISC.PPD_RN_ENDORSE"/>
  <testcase name="RunPPD_RN_ENDORSE" time="8.717" classname="Automation.PS.MISC.PPD_RN_ENDORSE"/>
  <testcase name="RunPPD_RN_ENDORSE" time="8.092" classname="Automation.PS.MISC.PPD_RN_ENDORSE"/>
  <testcase name="RunPPD_RN_ENDORSE" time="8.416" classname="Automation.PS.MISC.PPD_RN_ENDORSE"/>
  <testcase name="RunPPD_RN_ENDORSE" time="9.960" classname="Automation.PS.MISC.PPD_RN_ENDORSE"/>
  <testcase name="RunPPD_RN_ENDORSE" time="8.687" classname="Automation.PS.MISC.PPD_RN_ENDORSE"/>
  <testcase name="RunPPD_RN_ENDORSE" time="9.561" classname="Automation.PS.MISC.PPD_RN_ENDORSE"/>
  <testcase name="RunPPD_RN_ENDORSE" time="2.271" classname="Automation.PS.MISC.PPD_RN_ENDORSE"/>
  <testcase name="RunPPD_RN_ENDORSE" time="9.354" classname="Automation.PS.MISC.PPD_RN_ENDORSE"/>
  <testcase name="RunPPD_RN_ENDORSE" time="12.017" classname="Automation.PS.MISC.PPD_RN_ENDORSE"/>
  <testcase name="RunPPD_RN_ENDORSE" time="9.553" classname="Automation.PS.MISC.PPD_RN_ENDORSE"/>
  <testcase name="RunPPD_RN_ENDORSE" time="7.613" classname="Automation.PS.MISC.PPD_RN_ENDORSE"/>
  <testcase name="RunPPD_RN_ENDORSE" time="9.201" classname="Automation.PS.MISC.PPD_RN_ENDORSE"/>
  <testcase name="RunPPD_RN_ENDORSE" time="7.656" classname="Automation.PS.MISC.PPD_RN_ENDORSE"/>
  <testcase name="RunPPD_RN_ENDORSE" time="10.609" classname="Automation.PS.MISC.PPD_RN_ENDORSE"/>
  <testcase name="RunPPD_RN_ENDORSE" time="8.249" classname="Automation.PS.MISC.PPD_RN_ENDORSE"/>
  <testcase name="RunPPD_RN_ENDORSE" time="10.367" classname="Automation.PS.MISC.PPD_RN_ENDORSE"/>
  <testcase name="RunPPD_RN_ENDORSE" time="7.378" classname="Automation.PS.MISC.PPD_RN_ENDORSE"/>
  <testcase name="RunPPD_RN_ENDORSE" time="9.042" classname="Automation.PS.MISC.PPD_RN_ENDORSE"/>
  <testcase name="RunPPD_RN_ENDORSE" time="11.778" classname="Automation.PS.MISC.PPD_RN_ENDORSE"/>
  <testcase name="RunPPD_RN_ENDORSE" time="10.572" classname="Automation.PS.MISC.PPD_RN_ENDORSE"/>
  <testcase name="RunPPD_RN_ENDORSE" time="9.883" classname="Automation.PS.MISC.PPD_RN_ENDORSE"/>
  <testcase name="RunPPD_RN_ENDORSE" time="7.554" classname="Automation.PS.MISC.PPD_RN_ENDORSE"/>
  <testcase name="RunPPD_RN_ENDORSE" time="6.651" classname="Automation.PS.MISC.PPD_RN_ENDORSE"/>
  <testcase name="RunPPD_RN_ENDORSE" time="11.183" classname="Automation.PS.MISC.PPD_RN_ENDORSE"/>
  <testcase name="RunPPD_RN_ENDORSE" time="8.034" classname="Automation.PS.MISC.PPD_RN_ENDORSE"/>
  <testcase name="RunPPD_RN_ENDORSE" time="11.668" classname="Automation.PS.MISC.PPD_RN_ENDORSE"/>
  <testcase name="RunPPD_RN_ENDORSE" time="11.344" classname="Automation.PS.MISC.PPD_RN_ENDORSE"/>
  <testcase name="RunPPD_RN_ENDORSE" time="16.550" classname="Automation.PS.MISC.PPD_RN_ENDORSE"/>
  <testcase name="RunPPD_RN_ENDORSE" time="9.442" classname="Automation.PS.MISC.PPD_RN_ENDORSE"/>
  <testcase name="RunPPD_RN_ENDORSE" time="2.446" classname="Automation.PS.MISC.PPD_RN_ENDORSE"/>
  <testcase name="RunPPD_RN_ENDORSE" time="8.143" classname="Automation.PS.MISC.PPD_RN_ENDORSE"/>
  <testcase name="RunPPD_RN_ENDORSE" time="10.082" classname="Automation.PS.MISC.PPD_RN_ENDORSE"/>
  <testcase name="RunPPD_RN_ENDORSE" time="9.807" classname="Automation.PS.MISC.PPD_RN_ENDORSE"/>
  <testcase name="RunPPD_RN_ENDORSE" time="9.648" classname="Automation.PS.MISC.PPD_RN_ENDORSE"/>
  <testcase name="RunPPD_RN_ENDORSE" time="10.369" classname="Automation.PS.MISC.PPD_RN_ENDORSE"/>
  <testcase name="RunPPD_RN_ENDORSE" time="11.292" classname="Automation.PS.MISC.PPD_RN_ENDORSE"/>
  <testcase name="RunPPD_RN_ENDORSE" time="7.432" classname="Automation.PS.MISC.PPD_RN_ENDORSE"/>
  <testcase name="RunPPD_RN_ENDORSE" time="9.442" classname="Automation.PS.MISC.PPD_RN_ENDORSE"/>
  <testcase name="RunPPD_RN_ENDORSE" time="8.102" classname="Automation.PS.MISC.PPD_RN_ENDORSE"/>
  <testcase name="RunPPD_RN_ENDORSE" time="7.519" classname="Automation.PS.MISC.PPD_RN_ENDORSE"/>
  <testcase name="RunPPD_RN_ENDORSE" time="7.994" classname="Automation.PS.MISC.PPD_RN_ENDORSE"/>
  <testcase name="RunPPD_RN_ENDORSE" time="8.620" classname="Automation.PS.MISC.PPD_RN_ENDORSE"/>
  <testcase name="RunPPD_RN_ENDORSE" time="7.735" classname="Automation.PS.MISC.PPD_RN_ENDORSE"/>
  <testcase name="RunPPD_RN_ENDORSE" time="10.085" classname="Automation.PS.MISC.PPD_RN_ENDORSE"/>
  <testcase name="RunPPD_RN_ENDORSE" time="12.203" classname="Automation.PS.MISC.PPD_RN_ENDORSE"/>
  <testcase name="RunPPD_RN_ENDORSE" time="10.806" classname="Automation.PS.MISC.PPD_RN_ENDORSE"/>
  <testcase name="RunPPD_RN_ENDORSE" time="7.949" classname="Automation.PS.MISC.PPD_RN_ENDORSE"/>
  <testcase name="RunPPD_RN_ENDORSE" time="7.903" classname="Automation.PS.MISC.PPD_RN_ENDORSE"/>
  <testcase name="RunPPD_RN_ENDORSE" time="11.559" classname="Automation.PS.MISC.PPD_RN_ENDORSE"/>
  <testcase name="RunPPD_RN_ENDORSE" time="11.368" classname="Automation.PS.MISC.PPD_RN_ENDORSE"/>
  <testcase name="RunPPD_RN_ENDORSE" time="7.045" classname="Automation.PS.MISC.PPD_RN_ENDORSE"/>
  <testcase name="RunPPD_RN_ENDORSE" time="8.795" classname="Automation.PS.MISC.PPD_RN_ENDORSE"/>
  <testcase name="RunPPD_RN_ENDORSE" time="13.816" classname="Automation.PS.MISC.PPD_RN_ENDORSE"/>
  <testcase name="RunPPD_RN_ENDORSE" time="8.671" classname="Automation.PS.MISC.PPD_RN_ENDORSE"/>
  <testcase name="RunPPD_RN_ENDORSE" time="10.382" classname="Automation.PS.MISC.PPD_RN_ENDORSE"/>
  <testcase name="RunPPD_RN_ENDORSE" time="8.188" classname="Automation.PS.MISC.PPD_RN_ENDORSE"/>
  <testcase name="RunPPD_RN_ENDORSE" time="19.838" classname="Automation.PS.MISC.PPD_RN_ENDORSE"/>
  <testcase name="RunPPD_RN_ENDORSE" time="7.781" classname="Automation.PS.MISC.PPD_RN_ENDORSE"/>
  <testcase name="RunPPD_RN_ENDORSE" time="7.794" classname="Automation.PS.MISC.PPD_RN_ENDORSE"/>
  <testcase name="RunPPD_RN_ENDORSE" time="14.645" classname="Automation.PS.MISC.PPD_RN_ENDORSE"/>
  <testcase name="RunPPD_RN_ENDORSE" time="9.142" classname="Automation.PS.MISC.PPD_RN_ENDORSE"/>
  <testcase name="RunPPD_RN_ENDORSE" time="9.718" classname="Automation.PS.MISC.PPD_RN_ENDORSE"/>
  <testcase name="RunPPD_RN_ENDORSE" time="10.781" classname="Automation.PS.MISC.PPD_RN_ENDORSE"/>
  <testcase name="RunPPD_RN_ENDORSE" time="8.831" classname="Automation.PS.MISC.PPD_RN_ENDORSE"/>
  <testcase name="RunPPD_RN_ENDORSE" time="12.710" classname="Automation.PS.MISC.PPD_RN_ENDORSE"/>
  <testcase name="RunPPD_RN_ENDORSE" time="10.873" classname="Automation.PS.MISC.PPD_RN_ENDORSE"/>
  <testcase name="RunPPD_RN_ENDORSE" time="12.131" classname="Automation.PS.MISC.PPD_RN_ENDORSE"/>
  <testcase name="RunPPD_RN_ENDORSE" time="10.526" classname="Automation.PS.MISC.PPD_RN_ENDORSE"/>
  <testcase name="RunPPD_RN_ENDORSE" time="11.633" classname="Automation.PS.MISC.PPD_RN_ENDORSE"/>
  <testcase name="RunPPD_RN_ENDORSE" time="11.584" classname="Automation.PS.MISC.PPD_RN_ENDORSE"/>
  <testcase name="RunPPD_RN_ENDORSE" time="9.205" classname="Automation.PS.MISC.PPD_RN_ENDORSE"/>
  <testcase name="RunPPD_RN_ENDORSE" time="8.505" classname="Automation.PS.MISC.PPD_RN_ENDORSE"/>
  <testcase name="RunPPD_RN_ENDORSE" time="7.525" classname="Automation.PS.MISC.PPD_RN_ENDORSE"/>
  <testcase name="RunPPD_RN_ENDORSE" time="16.921" classname="Automation.PS.MISC.PPD_RN_ENDORSE"/>
  <testcase name="RunPPD_RN_ENDORSE" time="8.532" classname="Automation.PS.MISC.PPD_RN_ENDORSE"/>
  <testcase name="RunPPD_RN_ENDORSE" time="9.971" classname="Automation.PS.MISC.PPD_RN_ENDORSE"/>
  <testcase name="RunPPD_RN_ENDORSE" time="8.331" classname="Automation.PS.MISC.PPD_RN_ENDORSE"/>
  <testcase name="RunPPD_RN_ENDORSE" time="10.455" classname="Automation.PS.MISC.PPD_RN_ENDORSE"/>
  <testcase name="RunPPD_RN_ENDORSE" time="10.144" classname="Automation.PS.MISC.PPD_RN_ENDORSE"/>
  <testcase name="RunPPD_RN_ENDORSE" time="7.867" classname="Automation.PS.MISC.PPD_RN_ENDORSE"/>
  <testcase name="RunPPD_RN_ENDORSE" time="9.984" classname="Automation.PS.MISC.PPD_RN_ENDORSE"/>
  <testcase name="RunPPD_RN_ENDORSE" time="7.436" classname="Automation.PS.MISC.PPD_RN_ENDORSE"/>
  <testcase name="RunPPD_RN_ENDORSE" time="12.819" classname="Automation.PS.MISC.PPD_RN_ENDORSE"/>
  <testcase name="RunPPD_RN_ENDORSE" time="10.949" classname="Automation.PS.MISC.PPD_RN_ENDORSE"/>
  <testcase name="RunPPD_RN_ENDORSE" time="9.168" classname="Automation.PS.MISC.PPD_RN_ENDORSE"/>
  <testcase name="RunPPD_RN_ENDORSE" time="11.523" classname="Automation.PS.MISC.PPD_RN_ENDORSE"/>
  <testcase name="RunPPD_RN_ENDORSE" time="8.824" classname="Automation.PS.MISC.PPD_RN_ENDORSE"/>
  <testcase name="RunPPD_RN_ENDORSE" time="11.865" classname="Automation.PS.MISC.PPD_RN_ENDORSE"/>
  <testcase name="RunPPD_RN_ENDORSE" time="7.813" classname="Automation.PS.MISC.PPD_RN_ENDORSE"/>
  <testcase name="RunPPD_RN_ENDORSE" time="8.198" classname="Automation.PS.MISC.PPD_RN_ENDORSE"/>
  <testcase name="RunPPD_RN_ENDORSE" time="7.624" classname="Automation.PS.MISC.PPD_RN_ENDORSE"/>
  <testcase name="RunPPD_RN_ENDORSE" time="9.080" classname="Automation.PS.MISC.PPD_RN_ENDORSE"/>
  <testcase name="RunPPD_RN_ENDORSE" time="16.002" classname="Automation.PS.MISC.PPD_RN_ENDORSE"/>
  <testcase name="RunPPD_RN_ENDORSE" time="10.094" classname="Automation.PS.MISC.PPD_RN_ENDORSE"/>
  <testcase name="RunPPD_RN_ENDORSE" time="8.351" classname="Automation.PS.MISC.PPD_RN_ENDORSE"/>
  <testcase name="RunPPD_RN_ENDORSE" time="10.458" classname="Automation.PS.MISC.PPD_RN_ENDORSE"/>
  <testcase name="RunPPD_RN_ENDORSE" time="12.131" classname="Automation.PS.MISC.PPD_RN_ENDORSE"/>
  <testcase name="RunPPD_RN_ENDORSE" time="7.662" classname="Automation.PS.MISC.PPD_RN_ENDORSE"/>
  <testcase name="RunPPD_RN_ENDORSE" time="7.112" classname="Automation.PS.MISC.PPD_RN_ENDORSE"/>
  <testcase name="RunPPD_RN_ENDORSE" time="8.285" classname="Automation.PS.MISC.PPD_RN_ENDORSE"/>
  <testcase name="RunPPD_RN_ENDORSE" time="9.731" classname="Automation.PS.MISC.PPD_RN_ENDORSE"/>
  <testcase name="RunPPD_RN_ENDORSE" time="11.793" classname="Automation.PS.MISC.PPD_RN_ENDORSE"/>
  <testcase name="RunPPD_RN_ENDORSE" time="12.782" classname="Automation.PS.MISC.PPD_RN_ENDORSE"/>
  <testcase name="RunPPD_RN_ENDORSE" time="10.745" classname="Automation.PS.MISC.PPD_RN_ENDORSE"/>
  <testcase name="RunPPD_RN_ENDORSE" time="11.517" classname="Automation.PS.MISC.PPD_RN_ENDORSE"/>
  <testcase name="RunPPD_RN_ENDORSE" time="10.986" classname="Automation.PS.MISC.PPD_RN_ENDORSE"/>
  <testcase name="RunPPD_RN_ENDORSE" time="11.250" classname="Automation.PS.MISC.PPD_RN_ENDORSE"/>
  <testcase name="RunPPD_RN_ENDORSE" time="10.156" classname="Automation.PS.MISC.PPD_RN_ENDORSE"/>
  <testcase name="RunPPD_RN_ENDORSE" time="14.859" classname="Automation.PS.MISC.PPD_RN_ENDORSE"/>
  <testcase name="RunPPD_RN_ENDORSE" time="12.642" classname="Automation.PS.MISC.PPD_RN_ENDORSE"/>
  <testcase name="RunPPD_RN_ENDORSE" time="13.560" classname="Automation.PS.MISC.PPD_RN_ENDORSE"/>
  <testcase name="RunPPD_RN_ENDORSE" time="8.196" classname="Automation.PS.MISC.PPD_RN_ENDORSE"/>
  <testcase name="RunPPD_RN_ENDORSE" time="12.429" classname="Automation.PS.MISC.PPD_RN_ENDORSE"/>
  <testcase name="RunPPD_RN_ENDORSE" time="9.170" classname="Automation.PS.MISC.PPD_RN_ENDORSE"/>
  <testcase name="RunPPD_RN_ENDORSE" time="11.733" classname="Automation.PS.MISC.PPD_RN_ENDORSE"/>
  <testcase name="RunPPD_RN_ENDORSE" time="7.867" classname="Automation.PS.MISC.PPD_RN_ENDORSE"/>
  <testcase name="RunPPD_RN_ENDORSE" time="7.439" classname="Automation.PS.MISC.PPD_RN_ENDORSE"/>
  <testcase name="RunPPD_RN_ENDORSE" time="7.126" classname="Automation.PS.MISC.PPD_RN_ENDORSE"/>
  <testcase name="RunPPD_RN_ENDORSE" time="10.151" classname="Automation.PS.MISC.PPD_RN_ENDORSE"/>
  <testcase name="RunPPD_RN_ENDORSE" time="12.834" classname="Automation.PS.MISC.PPD_RN_ENDORSE"/>
  <testcase name="RunPPD_RN_ENDORSE" time="15.442" classname="Automation.PS.MISC.PPD_RN_ENDORSE"/>
  <testcase name="RunPPD_RN_ENDORSE" time="9.989" classname="Automation.PS.MISC.PPD_RN_ENDORSE"/>
  <testcase name="RunPPD_RN_ENDORSE" time="7.656" classname="Automation.PS.MISC.PPD_RN_ENDORSE"/>
  <testcase name="RunPPD_RN_ENDORSE" time="7.450" classname="Automation.PS.MISC.PPD_RN_ENDORSE"/>
  <testcase name="RunPPD_RN_ENDORSE" time="11.468" classname="Automation.PS.MISC.PPD_RN_ENDORSE"/>
  <testcase name="RunPPD_RN_ENDORSE" time="7.244" classname="Automation.PS.MISC.PPD_RN_ENDORSE"/>
  <testcase name="RunPPD_RN_ENDORSE" time="8.073" classname="Automation.PS.MISC.PPD_RN_ENDORSE"/>
  <testcase name="RunPPD_RN_ENDORSE" time="10.289" classname="Automation.PS.MISC.PPD_RN_ENDORSE"/>
  <testcase name="RunPPD_RN_ENDORSE" time="9.577" classname="Automation.PS.MISC.PPD_RN_ENDORSE"/>
  <testcase name="RunPPD_RN_ENDORSE" time="13.983" classname="Automation.PS.MISC.PPD_RN_ENDORSE"/>
  <testcase name="RunPPD_RN_ENDORSE" time="8.472" classname="Automation.PS.MISC.PPD_RN_ENDORSE"/>
  <testcase name="RunPPD_RN_ENDORSE" time="12.704" classname="Automation.PS.MISC.PPD_RN_ENDORSE"/>
  <testcase name="RunPPD_RN_ENDORSE" time="7.946" classname="Automation.PS.MISC.PPD_RN_ENDORSE"/>
  <testcase name="RunPPD_RN_ENDORSE" time="8.308" classname="Automation.PS.MISC.PPD_RN_ENDORSE"/>
  <testcase name="RunPPD_RN_ENDORSE" time="9.303" classname="Automation.PS.MISC.PPD_RN_ENDORSE"/>
  <testcase name="RunPPD_RN_ENDORSE" time="10.115" classname="Automation.PS.MISC.PPD_RN_ENDORSE"/>
  <testcase name="RunPPD_RN_ENDORSE" time="9.597" classname="Automation.PS.MISC.PPD_RN_ENDORSE"/>
  <testcase name="RunPPD_RN_ENDORSE" time="8.700" classname="Automation.PS.MISC.PPD_RN_ENDORSE"/>
  <testcase name="RunPPD_RN_ENDORSE" time="7.794" classname="Automation.PS.MISC.PPD_RN_ENDORSE"/>
  <testcase name="RunPPD_RN_ENDORSE" time="14.668" classname="Automation.PS.MISC.PPD_RN_ENDORSE"/>
  <testcase name="RunPPD_RN_ENDORSE" time="7.686" classname="Automation.PS.MISC.PPD_RN_ENDORSE"/>
  <testcase name="RunPPD_RN_ENDORSE" time="14.118" classname="Automation.PS.MISC.PPD_RN_ENDORSE"/>
  <testcase name="RunPPD_RN_ENDORSE" time="10.653" classname="Automation.PS.MISC.PPD_RN_ENDORSE"/>
  <testcase name="RunPPD_RN_ENDORSE" time="7.337" classname="Automation.PS.MISC.PPD_RN_ENDORSE"/>
  <testcase name="RunPPD_RN_ENDORSE" time="8.940" classname="Automation.PS.MISC.PPD_RN_ENDORSE"/>
  <testcase name="RunPPD_RN_ENDORSE" time="12.837" classname="Automation.PS.MISC.PPD_RN_ENDORSE"/>
  <testcase name="RunPPD_RN_ENDORSE" time="11.940" classname="Automation.PS.MISC.PPD_RN_ENDORSE"/>
  <testcase name="RunPPD_RN_ENDORSE" time="11.206" classname="Automation.PS.MISC.PPD_RN_ENDORSE"/>
  <testcase name="RunPPD_RN_ENDORSE" time="9.848" classname="Automation.PS.MISC.PPD_RN_ENDORSE"/>
  <testcase name="RunPPD_RN_ENDORSE" time="11.798" classname="Automation.PS.MISC.PPD_RN_ENDORSE"/>
  <testcase name="RunPPD_RN_ENDORSE" time="8.292" classname="Automation.PS.MISC.PPD_RN_ENDORSE"/>
  <testcase name="RunPPD_RN_ENDORSE" time="10.184" classname="Automation.PS.MISC.PPD_RN_ENDORSE"/>
  <testcase name="RunPPD_RN_ENDORSE" time="7.400" classname="Automation.PS.MISC.PPD_RN_ENDORSE"/>
  <testcase name="RunPPD_RN_ENDORSE" time="30.389" classname="Automation.PS.MISC.PPD_RN_ENDORSE"/>
  <testcase name="RunPPD_RN_ENDORSE" time="8.768" classname="Automation.PS.MISC.PPD_RN_ENDORSE"/>
  <testcase name="RunPPD_RN_ENDORSE" time="10.308" classname="Automation.PS.MISC.PPD_RN_ENDORSE"/>
  <testcase name="RunPPD_RN_ENDORSE" time="16.682" classname="Automation.PS.MISC.PPD_RN_ENDORSE"/>
  <testcase name="RunPPD_RN_ENDORSE" time="11.355" classname="Automation.PS.MISC.PPD_RN_ENDORSE"/>
  <testcase name="RunPPD_RN_ENDORSE" time="7.020" classname="Automation.PS.MISC.PPD_RN_ENDORSE"/>
  <testcase name="RunPPD_RN_ENDORSE" time="9.317" classname="Automation.PS.MISC.PPD_RN_ENDORSE"/>
  <testcase name="RunPPD_RN_ENDORSE" time="11.451" classname="Automation.PS.MISC.PPD_RN_ENDORSE"/>
  <testcase name="RunPPD_RN_ENDORSE" time="12.566" classname="Automation.PS.MISC.PPD_RN_ENDORSE"/>
  <testcase name="RunPPD_RN_ENDORSE" time="10.620" classname="Automation.PS.MISC.PPD_RN_ENDORSE"/>
  <testcase name="RunPPD_RN_ENDORSE" time="10.036" classname="Automation.PS.MISC.PPD_RN_ENDORSE"/>
  <testcase name="RunPPD_RN_ENDORSE" time="9.617" classname="Automation.PS.MISC.PPD_RN_ENDORSE"/>
  <testcase name="RunPPD_RN_ENDORSE" time="10.931" classname="Automation.PS.MISC.PPD_RN_ENDORSE"/>
  <testcase name="RunPPD_RN_ENDORSE" time="11.505" classname="Automation.PS.MISC.PPD_RN_ENDORSE"/>
  <testcase name="RunPPD_RN_ENDORSE" time="18.035" classname="Automation.PS.MISC.PPD_RN_ENDORSE"/>
  <testcase name="RunPPD_RN_ENDORSE" time="12.746" classname="Automation.PS.MISC.PPD_RN_ENDORSE"/>
  <testcase name="RunPPD_RN_ENDORSE" time="10.003" classname="Automation.PS.MISC.PPD_RN_ENDORSE"/>
  <testcase name="RunPPD_RN_ENDORSE" time="7.538" classname="Automation.PS.MISC.PPD_RN_ENDORSE"/>
  <testcase name="RunPPD_RN_ENDORSE" time="12.528" classname="Automation.PS.MISC.PPD_RN_ENDORSE"/>
  <testcase name="RunPPD_RN_ENDORSE" time="7.217" classname="Automation.PS.MISC.PPD_RN_ENDORSE"/>
  <testcase name="RunPPD_RN_ENDORSE" time="9.044" classname="Automation.PS.MISC.PPD_RN_ENDORSE"/>
  <testcase name="RunPPD_RN_ENDORSE" time="11.040" classname="Automation.PS.MISC.PPD_RN_ENDORSE"/>
  <testcase name="RunPPD_RN_ENDORSE" time="6.700" classname="Automation.PS.MISC.PPD_RN_ENDORSE"/>
  <testcase name="RunPPD_RN_ENDORSE" time="7.016" classname="Automation.PS.MISC.PPD_RN_ENDORSE"/>
  <testcase name="RunPPD_RN_ENDORSE" time="10.079" classname="Automation.PS.MISC.PPD_RN_ENDORSE"/>
  <testcase name="RunPPD_RN_ENDORSE" time="8.315" classname="Automation.PS.MISC.PPD_RN_ENDORSE"/>
  <testcase name="RunPPD_RN_ENDORSE" time="7.575" classname="Automation.PS.MISC.PPD_RN_ENDORSE"/>
  <testcase name="RunPPD_RN_ENDORSE" time="11.103" classname="Automation.PS.MISC.PPD_RN_ENDORSE"/>
  <testcase name="RunPPD_RN_ENDORSE" time="8.395" classname="Automation.PS.MISC.PPD_RN_ENDORSE"/>
  <testcase name="RunPPD_RN_ENDORSE" time="10.682" classname="Automation.PS.MISC.PPD_RN_ENDORSE"/>
  <testcase name="RunPPD_RN_ENDORSE" time="9.753" classname="Automation.PS.MISC.PPD_RN_ENDORSE"/>
  <testcase name="RunPPD_RN_ENDORSE" time="7.406" classname="Automation.PS.MISC.PPD_RN_ENDORSE"/>
  <testcase name="RunPPD_RN_ENDORSE" time="7.201" classname="Automation.PS.MISC.PPD_RN_ENDORSE"/>
  <testcase name="RunPPD_RN_ENDORSE" time="9.371" classname="Automation.PS.MISC.PPD_RN_ENDORSE"/>
  <testcase name="RunPPD_RN_ENDORSE" time="9.784" classname="Automation.PS.MISC.PPD_RN_ENDORSE"/>
  <testcase name="RunPPD_RN_ENDORSE" time="9.057" classname="Automation.PS.MISC.PPD_RN_ENDORSE"/>
  <testcase name="RunPPD_RN_ENDORSE" time="5.885" classname="Automation.PS.MISC.PPD_RN_ENDORSE"/>
  <testcase name="RunPPD_RN_ENDORSE" time="9.828" classname="Automation.PS.MISC.PPD_RN_ENDORSE"/>
  <testcase name="RunPPD_RN_ENDORSE" time="10.492" classname="Automation.PS.MISC.PPD_RN_ENDORSE"/>
  <testcase name="RunPPD_RN_ENDORSE" time="7.766" classname="Automation.PS.MISC.PPD_RN_ENDORSE"/>
  <testcase name="RunPPD_RN_ENDORSE" time="8.908" classname="Automation.PS.MISC.PPD_RN_ENDORSE"/>
  <testcase name="RunPPD_RN_ENDORSE" time="7.568" classname="Automation.PS.MISC.PPD_RN_ENDORSE"/>
  <testcase name="RunPPD_RN_ENDORSE" time="8.133" classname="Automation.PS.MISC.PPD_RN_ENDORSE"/>
  <testcase name="RunPPD_RN_ENDORSE" time="11.563" classname="Automation.PS.MISC.PPD_RN_ENDORSE"/>
  <testcase name="RunPPD_RN_ENDORSE" time="12.768" classname="Automation.PS.MISC.PPD_RN_ENDORSE"/>
  <testcase name="RunPPD_RN_ENDORSE" time="8.422" classname="Automation.PS.MISC.PPD_RN_ENDORSE"/>
  <testcase name="RunPPD_RN_ENDORSE" time="7.401" classname="Automation.PS.MISC.PPD_RN_ENDORSE"/>
  <testcase name="RunPPD_RN_ENDORSE" time="12.115" classname="Automation.PS.MISC.PPD_RN_ENDORSE"/>
  <testcase name="RunPPD_RN_ENDORSE" time="10.487" classname="Automation.PS.MISC.PPD_RN_ENDORSE"/>
  <testcase name="RunPPD_RN_ENDORSE" time="10.036" classname="Automation.PS.MISC.PPD_RN_ENDORSE"/>
  <testcase name="RunPPD_RN_ENDORSE" time="10.822" classname="Automation.PS.MISC.PPD_RN_ENDORSE"/>
  <testcase name="RunPPD_RN_ENDORSE" time="8.350" classname="Automation.PS.MISC.PPD_RN_ENDORSE"/>
  <testcase name="RunPPD_RN_ENDORSE" time="10.856" classname="Automation.PS.MISC.PPD_RN_ENDORSE"/>
  <testcase name="RunPPD_RN_ENDORSE" time="6.026" classname="Automation.PS.MISC.PPD_RN_ENDORSE"/>
  <testcase name="RunPPD_RN_ENDORSE" time="12.313" classname="Automation.PS.MISC.PPD_RN_ENDORSE"/>
  <testcase name="RunPPD_RN_ENDORSE" time="8.788" classname="Automation.PS.MISC.PPD_RN_ENDORSE"/>
  <testcase name="RunPPD_RN_ENDORSE" time="10.572" classname="Automation.PS.MISC.PPD_RN_ENDORSE"/>
  <testcase name="RunPPD_RN_ENDORSE" time="11.911" classname="Automation.PS.MISC.PPD_RN_ENDORSE"/>
  <testcase name="RunPPD_RN_ENDORSE" time="7.370" classname="Automation.PS.MISC.PPD_RN_ENDORSE"/>
  <testcase name="RunPPD_RN_ENDORSE" time="9.298" classname="Automation.PS.MISC.PPD_RN_ENDORSE"/>
  <testcase name="RunPPD_RN_ENDORSE" time="12.095" classname="Automation.PS.MISC.PPD_RN_ENDORSE"/>
  <testcase name="RunPPD_RN_ENDORSE" time="11.744" classname="Automation.PS.MISC.PPD_RN_ENDORSE"/>
  <testcase name="RunPPD_RN_ENDORSE" time="11.292" classname="Automation.PS.MISC.PPD_RN_ENDORSE"/>
  <testcase name="RunPPD_RN_ENDORSE" time="8.083" classname="Automation.PS.MISC.PPD_RN_ENDORSE"/>
  <testcase name="RunPPD_RN_ENDORSE" time="10.864" classname="Automation.PS.MISC.PPD_RN_ENDORSE"/>
  <testcase name="RunPPD_RN_ENDORSE" time="12.315" classname="Automation.PS.MISC.PPD_RN_ENDORSE"/>
  <testcase name="RunPPD_RN_ENDORSE" time="8.424" classname="Automation.PS.MISC.PPD_RN_ENDORSE"/>
  <testcase name="RunPPD_RN_ENDORSE" time="10.299" classname="Automation.PS.MISC.PPD_RN_ENDORSE"/>
  <testcase name="RunPPD_RN_ENDORSE" time="12.833" classname="Automation.PS.MISC.PPD_RN_ENDORSE"/>
  <testcase name="RunPPD_RN_ENDORSE" time="12.245" classname="Automation.PS.MISC.PPD_RN_ENDORSE"/>
  <testcase name="RunPPD_RN_ENDORSE" time="9.970" classname="Automation.PS.MISC.PPD_RN_ENDORSE"/>
  <testcase name="RunPPD_RN_ENDORSE" time="8.834" classname="Automation.PS.MISC.PPD_RN_ENDORSE"/>
  <testcase name="RunPPD_RN_ENDORSE" time="10.150" classname="Automation.PS.MISC.PPD_RN_ENDORSE"/>
  <testcase name="RunPPD_RN_ENDORSE" time="8.953" classname="Automation.PS.MISC.PPD_RN_ENDORSE"/>
  <testcase name="RunPPD_RN_ENDORSE" time="9.870" classname="Automation.PS.MISC.PPD_RN_ENDORSE"/>
  <testcase name="RunPPD_RN_ENDORSE" time="13.490" classname="Automation.PS.MISC.PPD_RN_ENDORSE"/>
  <testcase name="RunPPD_RN_ENDORSE" time="9.930" classname="Automation.PS.MISC.PPD_RN_ENDORSE"/>
  <testcase name="RunPPD_RN_ENDORSE" time="8.191" classname="Automation.PS.MISC.PPD_RN_ENDORSE"/>
  <testcase name="RunPPD_RN_ENDORSE" time="11.237" classname="Automation.PS.MISC.PPD_RN_ENDORSE"/>
  <testcase name="RunPPD_RN_ENDORSE" time="8.949" classname="Automation.PS.MISC.PPD_RN_ENDORSE"/>
  <testcase name="RunPPD_RN_ENDORSE" time="14.525" classname="Automation.PS.MISC.PPD_RN_ENDORSE"/>
  <testcase name="RunPPD_RN_ENDORSE" time="8.378" classname="Automation.PS.MISC.PPD_RN_ENDORSE"/>
  <testcase name="RunPPD_RN_ENDORSE" time="8.897" classname="Automation.PS.MISC.PPD_RN_ENDORSE"/>
  <testcase name="RunPPD_RN_ENDORSE" time="11.285" classname="Automation.PS.MISC.PPD_RN_ENDORSE"/>
  <testcase name="RunPPD_RN_ENDORSE" time="7.462" classname="Automation.PS.MISC.PPD_RN_ENDORSE"/>
  <testcase name="RunPPD_RN_ENDORSE" time="7.237" classname="Automation.PS.MISC.PPD_RN_ENDORSE"/>
  <testcase name="RunPPD_RN_ENDORSE" time="9.653" classname="Automation.PS.MISC.PPD_RN_ENDORSE"/>
  <testcase name="RunPPD_RN_ENDORSE" time="7.685" classname="Automation.PS.MISC.PPD_RN_ENDORSE"/>
  <testcase name="RunPPD_RN_ENDORSE" time="9.396" classname="Automation.PS.MISC.PPD_RN_ENDORSE"/>
  <testcase name="RunPPD_RN_ENDORSE" time="15.595" classname="Automation.PS.MISC.PPD_RN_ENDORSE"/>
  <testcase name="RunPPD_RN_ENDORSE" time="8.944" classname="Automation.PS.MISC.PPD_RN_ENDORSE"/>
  <testcase name="RunPPD_RN_ENDORSE" time="11.391" classname="Automation.PS.MISC.PPD_RN_ENDORSE"/>
  <testcase name="RunPPD_RN_ENDORSE" time="9.688" classname="Automation.PS.MISC.PPD_RN_ENDORSE"/>
  <testcase name="RunPPD_RN_ENDORSE" time="10.317" classname="Automation.PS.MISC.PPD_RN_ENDORSE"/>
  <testcase name="RunPPD_RN_ENDORSE" time="15.768" classname="Automation.PS.MISC.PPD_RN_ENDORSE"/>
  <testcase name="RunPPD_RN_ENDORSE" time="7.210" classname="Automation.PS.MISC.PPD_RN_ENDORSE"/>
  <testcase name="RunPPD_RN_ENDORSE" time="15.972" classname="Automation.PS.MISC.PPD_RN_ENDORSE"/>
  <testcase name="RunPPD_RN_ENDORSE" time="8.180" classname="Automation.PS.MISC.PPD_RN_ENDORSE"/>
  <testcase name="RunPPD_RN_ENDORSE" time="10.936" classname="Automation.PS.MISC.PPD_RN_ENDORSE"/>
  <testcase name="RunPPD_RN_ENDORSE" time="7.820" classname="Automation.PS.MISC.PPD_RN_ENDORSE"/>
  <testcase name="RunPPD_RN_ENDORSE" time="9.704" classname="Automation.PS.MISC.PPD_RN_ENDORSE"/>
  <testcase name="RunPPD_RN_ENDORSE" time="9.043" classname="Automation.PS.MISC.PPD_RN_ENDORSE"/>
  <testcase name="RunPPD_RN_ENDORSE" time="8.697" classname="Automation.PS.MISC.PPD_RN_ENDORSE"/>
  <testcase name="RunPPD_RN_ENDORSE" time="13.908" classname="Automation.PS.MISC.PPD_RN_ENDORSE"/>
  <testcase name="RunPPD_RN_ENDORSE" time="15.792" classname="Automation.PS.MISC.PPD_RN_ENDORSE"/>
  <testcase name="RunPPD_RN_ENDORSE" time="29.709" classname="Automation.PS.MISC.PPD_RN_ENDORSE"/>
  <testcase name="RunPPD_RN_ENDORSE" time="8.584" classname="Automation.PS.MISC.PPD_RN_ENDORSE"/>
  <testcase name="RunPPD_RN_ENDORSE" time="13.086" classname="Automation.PS.MISC.PPD_RN_ENDORSE"/>
  <testcase name="RunPPD_RN_ENDORSE" time="8.589" classname="Automation.PS.MISC.PPD_RN_ENDORSE"/>
  <testcase name="RunPPD_RN_ENDORSE" time="9.683" classname="Automation.PS.MISC.PPD_RN_ENDORSE"/>
  <testcase name="RunPPD_RN_ENDORSE" time="10.842" classname="Automation.PS.MISC.PPD_RN_ENDORSE"/>
  <testcase name="RunPPD_RN_ENDORSE" time="7.917" classname="Automation.PS.MISC.PPD_RN_ENDORSE"/>
  <testcase name="RunPPD_RN_ENDORSE" time="6.333" classname="Automation.PS.MISC.PPD_RN_ENDORSE"/>
  <testcase name="RunPPD_RN_ENDORSE" time="11.765" classname="Automation.PS.MISC.PPD_RN_ENDORSE"/>
  <testcase name="RunPPD_RN_ENDORSE" time="11.147" classname="Automation.PS.MISC.PPD_RN_ENDORSE"/>
  <testcase name="RunPPD_RN_ENDORSE" time="7.224" classname="Automation.PS.MISC.PPD_RN_ENDORSE"/>
  <testcase name="RunPPD_RN_ENDORSE" time="12.308" classname="Automation.PS.MISC.PPD_RN_ENDORSE"/>
  <testcase name="RunPPD_RN_ENDORSE" time="8.769" classname="Automation.PS.MISC.PPD_RN_ENDORSE"/>
  <testcase name="RunPPD_RN_ENDORSE" time="12.610" classname="Automation.PS.MISC.PPD_RN_ENDORSE"/>
  <testcase name="RunPPD_RN_ENDORSE" time="12.716" classname="Automation.PS.MISC.PPD_RN_ENDORSE"/>
  <testcase name="RunPPD_RN_ENDORSE" time="6.869" classname="Automation.PS.MISC.PPD_RN_ENDORSE"/>
  <testcase name="RunPPD_RN_ENDORSE" time="7.414" classname="Automation.PS.MISC.PPD_RN_ENDORSE"/>
  <testcase name="RunPPD_RN_ENDORSE" time="10.271" classname="Automation.PS.MISC.PPD_RN_ENDORSE"/>
  <testcase name="RunPPD_RN_ENDORSE" time="10.178" classname="Automation.PS.MISC.PPD_RN_ENDORSE"/>
  <testcase name="RunPPD_RN_ENDORSE" time="8.984" classname="Automation.PS.MISC.PPD_RN_ENDORSE"/>
  <testcase name="RunPPD_RN_ENDORSE" time="8.024" classname="Automation.PS.MISC.PPD_RN_ENDORSE"/>
  <testcase name="RunPPD_RN_ENDORSE" time="12.322" classname="Automation.PS.MISC.PPD_RN_ENDORSE"/>
  <testcase name="RunPPD_RN_ENDORSE" time="14.142" classname="Automation.PS.MISC.PPD_RN_ENDORSE"/>
  <testcase name="RunPPD_RN_ENDORSE" time="10.279" classname="Automation.PS.MISC.PPD_RN_ENDORSE"/>
  <testcase name="RunPPD_RN_ENDORSE" time="11.048" classname="Automation.PS.MISC.PPD_RN_ENDORSE"/>
  <testcase name="RunPPD_RN_ENDORSE" time="12.295" classname="Automation.PS.MISC.PPD_RN_ENDORSE"/>
  <testcase name="RunPPD_RN_ENDORSE" time="11.205" classname="Automation.PS.MISC.PPD_RN_ENDORSE"/>
  <testcase name="RunPPD_RN_ENDORSE" time="11.626" classname="Automation.PS.MISC.PPD_RN_ENDORSE"/>
  <testcase name="RunPPD_RN_ENDORSE" time="9.289" classname="Automation.PS.MISC.PPD_RN_ENDORSE"/>
  <testcase name="RunPPD_RN_ENDORSE" time="10.026" classname="Automation.PS.MISC.PPD_RN_ENDORSE"/>
  <testcase name="RunPPD_RN_ENDORSE" time="8.598" classname="Automation.PS.MISC.PPD_RN_ENDORSE"/>
  <testcase name="RunPPD_RN_ENDORSE" time="12.980" classname="Automation.PS.MISC.PPD_RN_ENDORSE"/>
  <testcase name="RunPPD_RN_ENDORSE" time="11.157" classname="Automation.PS.MISC.PPD_RN_ENDORSE"/>
  <testcase name="RunPPD_RN_ENDORSE" time="22.522" classname="Automation.PS.MISC.PPD_RN_ENDORSE"/>
  <testcase name="RunPPD_RN_ENDORSE" time="10.516" classname="Automation.PS.MISC.PPD_RN_ENDORSE"/>
  <testcase name="RunPPD_RN_ENDORSE" time="8.188" classname="Automation.PS.MISC.PPD_RN_ENDORSE"/>
  <testcase name="RunPPD_RN_ENDORSE" time="7.677" classname="Automation.PS.MISC.PPD_RN_ENDORSE"/>
  <testcase name="RunPPD_RN_ENDORSE" time="12.154" classname="Automation.PS.MISC.PPD_RN_ENDORSE"/>
  <testcase name="RunPPD_RN_ENDORSE" time="7.415" classname="Automation.PS.MISC.PPD_RN_ENDORSE"/>
  <testcase name="RunPPD_RN_ENDORSE" time="8.335" classname="Automation.PS.MISC.PPD_RN_ENDORSE"/>
  <testcase name="RunPPD_RN_ENDORSE" time="8.599" classname="Automation.PS.MISC.PPD_RN_ENDORSE"/>
  <testcase name="RunPPD_RN_ENDORSE" time="9.812" classname="Automation.PS.MISC.PPD_RN_ENDORSE"/>
  <testcase name="RunPPD_RN_ENDORSE" time="8.816" classname="Automation.PS.MISC.PPD_RN_ENDORSE"/>
  <testcase name="RunPPD_RN_ENDORSE" time="10.467" classname="Automation.PS.MISC.PPD_RN_ENDORSE"/>
  <testcase name="RunPPD_RN_ENDORSE" time="7.487" classname="Automation.PS.MISC.PPD_RN_ENDORSE"/>
  <testcase name="RunPPD_RN_ENDORSE" time="8.045" classname="Automation.PS.MISC.PPD_RN_ENDORSE"/>
  <testcase name="RunPPD_RN_ENDORSE" time="9.892" classname="Automation.PS.MISC.PPD_RN_ENDORSE"/>
  <testcase name="RunPPD_RN_ENDORSE" time="9.986" classname="Automation.PS.MISC.PPD_RN_ENDORSE"/>
  <testcase name="RunPPD_RN_ENDORSE" time="13.461" classname="Automation.PS.MISC.PPD_RN_ENDORSE"/>
  <testcase name="RunPPD_RN_ENDORSE" time="13.579" classname="Automation.PS.MISC.PPD_RN_ENDORSE"/>
  <testcase name="RunPPD_RN_ENDORSE" time="9.492" classname="Automation.PS.MISC.PPD_RN_ENDORSE"/>
  <testcase name="RunPPD_RN_ENDORSE" time="10.202" classname="Automation.PS.MISC.PPD_RN_ENDORSE"/>
  <testcase name="RunPPD_RN_ENDORSE" time="7.032" classname="Automation.PS.MISC.PPD_RN_ENDORSE"/>
  <testcase name="RunPPD_RN_ENDORSE" time="10.569" classname="Automation.PS.MISC.PPD_RN_ENDORSE"/>
  <testcase name="RunPPD_RN_ENDORSE" time="6.635" classname="Automation.PS.MISC.PPD_RN_ENDORSE"/>
  <testcase name="RunPPD_RN_ENDORSE" time="9.884" classname="Automation.PS.MISC.PPD_RN_ENDORSE"/>
  <testcase name="RunPPD_RN_ENDORSE" time="15.626" classname="Automation.PS.MISC.PPD_RN_ENDORSE"/>
  <testcase name="RunPPD_RN_ENDORSE" time="8.340" classname="Automation.PS.MISC.PPD_RN_ENDORSE"/>
  <testcase name="RunPPD_RN_ENDORSE" time="7.932" classname="Automation.PS.MISC.PPD_RN_ENDORSE"/>
  <testcase name="RunPPD_RN_ENDORSE" time="8.325" classname="Automation.PS.MISC.PPD_RN_ENDORSE"/>
  <testcase name="RunPPD_RN_ENDORSE" time="9.763" classname="Automation.PS.MISC.PPD_RN_ENDORSE"/>
  <testcase name="RunPPD_RN_ENDORSE" time="6.980" classname="Automation.PS.MISC.PPD_RN_ENDORSE"/>
  <testcase name="RunPPD_RN_ENDORSE" time="11.825" classname="Automation.PS.MISC.PPD_RN_ENDORSE"/>
  <testcase name="RunPPD_RN_ENDORSE" time="7.566" classname="Automation.PS.MISC.PPD_RN_ENDORSE"/>
  <testcase name="RunPPD_RN_ENDORSE" time="6.943" classname="Automation.PS.MISC.PPD_RN_ENDORSE"/>
  <testcase name="RunPPD_RN_ENDORSE" time="9.661" classname="Automation.PS.MISC.PPD_RN_ENDORSE"/>
  <testcase name="RunPPD_RN_ENDORSE" time="9.365" classname="Automation.PS.MISC.PPD_RN_ENDORSE"/>
  <testcase name="RunPPD_RN_ENDORSE" time="6.941" classname="Automation.PS.MISC.PPD_RN_ENDORSE"/>
  <testcase name="RunPPD_RN_ENDORSE" time="11.928" classname="Automation.PS.MISC.PPD_RN_ENDORSE"/>
  <testcase name="RunPPD_RN_ENDORSE" time="6.861" classname="Automation.PS.MISC.PPD_RN_ENDORSE"/>
  <testcase name="RunPPD_RN_ENDORSE" time="9.316" classname="Automation.PS.MISC.PPD_RN_ENDORSE"/>
  <testcase name="RunPPD_RN_ENDORSE" time="10.326" classname="Automation.PS.MISC.PPD_RN_ENDORSE"/>
  <testcase name="RunPPD_RN_ENDORSE" time="8.537" classname="Automation.PS.MISC.PPD_RN_ENDORSE"/>
  <testcase name="RunPPD_RN_ENDORSE" time="9.688" classname="Automation.PS.MISC.PPD_RN_ENDORSE"/>
  <testcase name="RunPPD_RN_ENDORSE" time="9.161" classname="Automation.PS.MISC.PPD_RN_ENDORSE"/>
  <testcase name="RunPPD_RN_ENDORSE" time="11.949" classname="Automation.PS.MISC.PPD_RN_ENDORSE"/>
  <testcase name="RunPPD_RN_ENDORSE" time="10.459" classname="Automation.PS.MISC.PPD_RN_ENDORSE"/>
  <testcase name="RunPPD_RN_ENDORSE" time="8.169" classname="Automation.PS.MISC.PPD_RN_ENDORSE"/>
  <testcase name="RunPPD_RN_ENDORSE" time="7.297" classname="Automation.PS.MISC.PPD_RN_ENDORSE"/>
  <testcase name="RunPPD_RN_ENDORSE" time="9.356" classname="Automation.PS.MISC.PPD_RN_ENDORSE"/>
  <testcase name="RunPPD_RN_ENDORSE" time="9.109" classname="Automation.PS.MISC.PPD_RN_ENDORSE"/>
  <testcase name="RunPPD_RN_ENDORSE" time="11.744" classname="Automation.PS.MISC.PPD_RN_ENDORSE"/>
  <testcase name="RunPPD_RN_ENDORSE" time="12.748" classname="Automation.PS.MISC.PPD_RN_ENDORSE"/>
  <testcase name="RunPPD_RN_ENDORSE" time="7.577" classname="Automation.PS.MISC.PPD_RN_ENDORSE"/>
  <testcase name="RunPPD_RN_ENDORSE" time="11.037" classname="Automation.PS.MISC.PPD_RN_ENDORSE"/>
  <testcase name="RunPPD_RN_ENDORSE" time="11.817" classname="Automation.PS.MISC.PPD_RN_ENDORSE"/>
  <testcase name="RunPPD_RN_ENDORSE" time="15.231" classname="Automation.PS.MISC.PPD_RN_ENDORSE"/>
  <testcase name="RunPPD_RN_ENDORSE" time="8.102" classname="Automation.PS.MISC.PPD_RN_ENDORSE"/>
  <testcase name="RunPPD_RN_ENDORSE" time="11.254" classname="Automation.PS.MISC.PPD_RN_ENDORSE"/>
  <testcase name="RunPPD_RN_ENDORSE" time="7.476" classname="Automation.PS.MISC.PPD_RN_ENDORSE"/>
  <testcase name="RunPPD_RN_ENDORSE" time="7.433" classname="Automation.PS.MISC.PPD_RN_ENDORSE"/>
  <testcase name="RunPPD_RN_ENDORSE" time="10.103" classname="Automation.PS.MISC.PPD_RN_ENDORSE"/>
  <testcase name="RunPPD_RN_ENDORSE" time="14.799" classname="Automation.PS.MISC.PPD_RN_ENDORSE"/>
  <testcase name="RunPPD_RN_ENDORSE" time="9.192" classname="Automation.PS.MISC.PPD_RN_ENDORSE"/>
  <testcase name="RunPPD_RN_ENDORSE" time="7.700" classname="Automation.PS.MISC.PPD_RN_ENDORSE"/>
  <testcase name="RunPPD_RN_ENDORSE" time="10.701" classname="Automation.PS.MISC.PPD_RN_ENDORSE"/>
  <testcase name="RunPPD_RN_ENDORSE" time="12.249" classname="Automation.PS.MISC.PPD_RN_ENDORSE"/>
  <testcase name="RunPPD_RN_ENDORSE" time="10.460" classname="Automation.PS.MISC.PPD_RN_ENDORSE"/>
  <testcase name="RunPPD_RN_ENDORSE" time="8.692" classname="Automation.PS.MISC.PPD_RN_ENDORSE"/>
  <testcase name="RunPPD_RN_ENDORSE" time="13.026" classname="Automation.PS.MISC.PPD_RN_ENDORSE"/>
  <testcase name="RunPPD_RN_ENDORSE" time="7.414" classname="Automation.PS.MISC.PPD_RN_ENDORSE"/>
  <testcase name="RunPPD_RN_ENDORSE" time="9.509" classname="Automation.PS.MISC.PPD_RN_ENDORSE"/>
  <testcase name="RunPPD_RN_ENDORSE" time="8.581" classname="Automation.PS.MISC.PPD_RN_ENDORSE"/>
  <testcase name="RunPPD_RN_ENDORSE" time="10.368" classname="Automation.PS.MISC.PPD_RN_ENDORSE"/>
  <testcase name="RunPPD_RN_ENDORSE" time="10.403" classname="Automation.PS.MISC.PPD_RN_ENDORSE"/>
  <testcase name="RunPPD_RN_ENDORSE" time="10.027" classname="Automation.PS.MISC.PPD_RN_ENDORSE"/>
  <testcase name="RunPPD_RN_ENDORSE" time="11.929" classname="Automation.PS.MISC.PPD_RN_ENDORSE"/>
  <testcase name="RunPPD_RN_ENDORSE" time="12.337" classname="Automation.PS.MISC.PPD_RN_ENDORSE"/>
  <testcase name="RunPPD_RN_ENDORSE" time="12.674" classname="Automation.PS.MISC.PPD_RN_ENDORSE"/>
  <testcase name="RunPPD_RN_ENDORSE" time="8.853" classname="Automation.PS.MISC.PPD_RN_ENDORSE"/>
  <testcase name="RunPPD_RN_ENDORSE" time="12.592" classname="Automation.PS.MISC.PPD_RN_ENDORSE"/>
  <testcase name="RunPPD_RN_ENDORSE" time="11.127" classname="Automation.PS.MISC.PPD_RN_ENDORSE"/>
  <testcase name="RunPPD_RN_ENDORSE" time="12.065" classname="Automation.PS.MISC.PPD_RN_ENDORSE"/>
  <testcase name="RunPPD_RN_ENDORSE" time="10.837" classname="Automation.PS.MISC.PPD_RN_ENDORSE"/>
  <testcase name="RunPPD_RN_ENDORSE" time="7.329" classname="Automation.PS.MISC.PPD_RN_ENDORSE"/>
  <testcase name="RunPPD_RN_ENDORSE" time="10.555" classname="Automation.PS.MISC.PPD_RN_ENDORSE"/>
  <testcase name="RunPPD_RN_ENDORSE" time="11.816" classname="Automation.PS.MISC.PPD_RN_ENDORSE"/>
  <testcase name="RunPPD_RN_ENDORSE" time="10.050" classname="Automation.PS.MISC.PPD_RN_ENDORSE"/>
  <testcase name="RunPPD_RN_ENDORSE" time="8.482" classname="Automation.PS.MISC.PPD_RN_ENDORSE"/>
  <testcase name="RunPPD_RN_ENDORSE" time="10.762" classname="Automation.PS.MISC.PPD_RN_ENDORSE"/>
  <testcase name="RunPPD_RN_ENDORSE" time="8.512" classname="Automation.PS.MISC.PPD_RN_ENDORSE"/>
  <testcase name="RunPPD_RN_ENDORSE" time="13.684" classname="Automation.PS.MISC.PPD_RN_ENDORSE"/>
  <testcase name="RunPPD_RN_ENDORSE" time="11.815" classname="Automation.PS.MISC.PPD_RN_ENDORSE"/>
  <testcase name="RunPPD_RN_ENDORSE" time="7.814" classname="Automation.PS.MISC.PPD_RN_ENDORSE"/>
  <testcase name="RunPPD_RN_ENDORSE" time="7.333" classname="Automation.PS.MISC.PPD_RN_ENDORSE"/>
  <testcase name="RunPPD_RN_ENDORSE" time="9.454" classname="Automation.PS.MISC.PPD_RN_ENDORSE"/>
  <testcase name="RunPPD_RN_ENDORSE" time="14.525" classname="Automation.PS.MISC.PPD_RN_ENDORSE"/>
  <testcase name="RunPPD_RN_ENDORSE" time="10.284" classname="Automation.PS.MISC.PPD_RN_ENDORSE"/>
  <testcase name="RunPPD_RN_ENDORSE" time="2.341" classname="Automation.PS.MISC.PPD_RN_ENDORSE"/>
  <testcase name="RunPPD_RN_ENDORSE" time="11.029" classname="Automation.PS.MISC.PPD_RN_ENDORSE"/>
  <testcase name="RunPPD_RN_ENDORSE" time="10.245" classname="Automation.PS.MISC.PPD_RN_ENDORSE"/>
  <testcase name="RunPPD_RN_ENDORSE" time="6.958" classname="Automation.PS.MISC.PPD_RN_ENDORSE"/>
  <testcase name="RunPPD_RN_ENDORSE" time="7.828" classname="Automation.PS.MISC.PPD_RN_ENDORSE"/>
  <testcase name="RunPPD_RN_ENDORSE" time="6.916" classname="Automation.PS.MISC.PPD_RN_ENDORSE"/>
  <testcase name="RunPPD_RN_ENDORSE" time="12.066" classname="Automation.PS.MISC.PPD_RN_ENDORSE"/>
  <testcase name="RunPPD_RN_ENDORSE" time="9.557" classname="Automation.PS.MISC.PPD_RN_ENDORSE"/>
  <testcase name="RunPPD_RN_ENDORSE" time="7.972" classname="Automation.PS.MISC.PPD_RN_ENDORSE"/>
  <testcase name="RunPPD_RN_ENDORSE" time="11.614" classname="Automation.PS.MISC.PPD_RN_ENDORSE"/>
  <testcase name="RunPPD_RN_ENDORSE" time="10.439" classname="Automation.PS.MISC.PPD_RN_ENDORSE"/>
  <testcase name="RunPPD_RN_ENDORSE" time="16.881" classname="Automation.PS.MISC.PPD_RN_ENDORSE"/>
  <testcase name="RunPPD_RN_ENDORSE" time="9.956" classname="Automation.PS.MISC.PPD_RN_ENDORSE"/>
</testsuite> <!-- Automation.PS.MISC.PPD_RN_ENDORSE -->
