<?xml version="1.0" encoding="UTF-8"?>
<!-- Generated by org.testng.reporters.JUnitReportReporter -->
<testsuite skipped="0" hostname="D572R1G2" name="Automation.PS.MISC.IVANS_NON_DOL_ENDORSE" tests="4" failures="0" timestamp="01 Mar 2019 20:54:05 GMT" time="24.079" errors="0">
  <testcase name="RunIVANS_NON_DOL_ENDORSE" time="0.016" classname="Automation.PS.MISC.IVANS_NON_DOL_ENDORSE"/>
  <testcase name="RunIVANS_NON_DOL_ENDORSE" time="0.016" classname="Automation.PS.MISC.IVANS_NON_DOL_ENDORSE"/>
  <testcase name="RunIVANS_NON_DOL_ENDORSE" time="24.031" classname="Automation.PS.MISC.IVANS_NON_DOL_ENDORSE"/>
  <testcase name="RunIVANS_NON_DOL_ENDORSE" time="0.016" classname="Automation.PS.MISC.IVANS_NON_DOL_ENDORSE"/>
</testsuite> <!-- Automation.PS.MISC.IVANS_NON_DOL_ENDORSE -->
