<?xml version="1.0" encoding="UTF-8"?>
<!-- Generated by org.testng.reporters.JUnitReportReporter -->
<testsuite skipped="0" hostname="D572R1G2" name="Automation.PS.STATES.LA.LA_PC_UPDATE" tests="191" failures="0" timestamp="19 Mar 2019 17:27:16 GMT" time="4007.217" errors="0">
  <testcase name="RunLA_PC_UPDATE" time="25.318" classname="Automation.PS.STATES.LA.LA_PC_UPDATE"/>
  <testcase name="RunLA_PC_UPDATE" time="14.777" classname="Automation.PS.STATES.LA.LA_PC_UPDATE"/>
  <testcase name="RunLA_PC_UPDATE" time="16.413" classname="Automation.PS.STATES.LA.LA_PC_UPDATE"/>
  <testcase name="RunLA_PC_UPDATE" time="47.906" classname="Automation.PS.STATES.LA.LA_PC_UPDATE"/>
  <testcase name="RunLA_PC_UPDATE" time="16.090" classname="Automation.PS.STATES.LA.LA_PC_UPDATE"/>
  <testcase name="RunLA_PC_UPDATE" time="16.101" classname="Automation.PS.STATES.LA.LA_PC_UPDATE"/>
  <testcase name="RunLA_PC_UPDATE" time="15.323" classname="Automation.PS.STATES.LA.LA_PC_UPDATE"/>
  <testcase name="RunLA_PC_UPDATE" time="14.066" classname="Automation.PS.STATES.LA.LA_PC_UPDATE"/>
  <testcase name="RunLA_PC_UPDATE" time="13.943" classname="Automation.PS.STATES.LA.LA_PC_UPDATE"/>
  <testcase name="RunLA_PC_UPDATE" time="15.163" classname="Automation.PS.STATES.LA.LA_PC_UPDATE"/>
  <testcase name="RunLA_PC_UPDATE" time="15.271" classname="Automation.PS.STATES.LA.LA_PC_UPDATE"/>
  <testcase name="RunLA_PC_UPDATE" time="24.963" classname="Automation.PS.STATES.LA.LA_PC_UPDATE"/>
  <testcase name="RunLA_PC_UPDATE" time="15.555" classname="Automation.PS.STATES.LA.LA_PC_UPDATE"/>
  <testcase name="RunLA_PC_UPDATE" time="16.139" classname="Automation.PS.STATES.LA.LA_PC_UPDATE"/>
  <testcase name="RunLA_PC_UPDATE" time="15.586" classname="Automation.PS.STATES.LA.LA_PC_UPDATE"/>
  <testcase name="RunLA_PC_UPDATE" time="15.727" classname="Automation.PS.STATES.LA.LA_PC_UPDATE"/>
  <testcase name="RunLA_PC_UPDATE" time="17.722" classname="Automation.PS.STATES.LA.LA_PC_UPDATE"/>
  <testcase name="RunLA_PC_UPDATE" time="16.244" classname="Automation.PS.STATES.LA.LA_PC_UPDATE"/>
  <testcase name="RunLA_PC_UPDATE" time="16.070" classname="Automation.PS.STATES.LA.LA_PC_UPDATE"/>
  <testcase name="RunLA_PC_UPDATE" time="103.294" classname="Automation.PS.STATES.LA.LA_PC_UPDATE"/>
  <testcase name="RunLA_PC_UPDATE" time="12.171" classname="Automation.PS.STATES.LA.LA_PC_UPDATE"/>
  <testcase name="RunLA_PC_UPDATE" time="57.774" classname="Automation.PS.STATES.LA.LA_PC_UPDATE"/>
  <testcase name="RunLA_PC_UPDATE" time="16.759" classname="Automation.PS.STATES.LA.LA_PC_UPDATE"/>
  <testcase name="RunLA_PC_UPDATE" time="16.060" classname="Automation.PS.STATES.LA.LA_PC_UPDATE"/>
  <testcase name="RunLA_PC_UPDATE" time="15.563" classname="Automation.PS.STATES.LA.LA_PC_UPDATE"/>
  <testcase name="RunLA_PC_UPDATE" time="14.775" classname="Automation.PS.STATES.LA.LA_PC_UPDATE"/>
  <testcase name="RunLA_PC_UPDATE" time="46.680" classname="Automation.PS.STATES.LA.LA_PC_UPDATE"/>
  <testcase name="RunLA_PC_UPDATE" time="15.227" classname="Automation.PS.STATES.LA.LA_PC_UPDATE"/>
  <testcase name="RunLA_PC_UPDATE" time="26.739" classname="Automation.PS.STATES.LA.LA_PC_UPDATE"/>
  <testcase name="RunLA_PC_UPDATE" time="17.133" classname="Automation.PS.STATES.LA.LA_PC_UPDATE"/>
  <testcase name="RunLA_PC_UPDATE" time="14.165" classname="Automation.PS.STATES.LA.LA_PC_UPDATE"/>
  <testcase name="RunLA_PC_UPDATE" time="27.790" classname="Automation.PS.STATES.LA.LA_PC_UPDATE"/>
  <testcase name="RunLA_PC_UPDATE" time="91.423" classname="Automation.PS.STATES.LA.LA_PC_UPDATE"/>
  <testcase name="RunLA_PC_UPDATE" time="12.937" classname="Automation.PS.STATES.LA.LA_PC_UPDATE"/>
  <testcase name="RunLA_PC_UPDATE" time="10.396" classname="Automation.PS.STATES.LA.LA_PC_UPDATE"/>
  <testcase name="RunLA_PC_UPDATE" time="16.261" classname="Automation.PS.STATES.LA.LA_PC_UPDATE"/>
  <testcase name="RunLA_PC_UPDATE" time="14.049" classname="Automation.PS.STATES.LA.LA_PC_UPDATE"/>
  <testcase name="RunLA_PC_UPDATE" time="16.013" classname="Automation.PS.STATES.LA.LA_PC_UPDATE"/>
  <testcase name="RunLA_PC_UPDATE" time="17.126" classname="Automation.PS.STATES.LA.LA_PC_UPDATE"/>
  <testcase name="RunLA_PC_UPDATE" time="15.464" classname="Automation.PS.STATES.LA.LA_PC_UPDATE"/>
  <testcase name="RunLA_PC_UPDATE" time="16.059" classname="Automation.PS.STATES.LA.LA_PC_UPDATE"/>
  <testcase name="RunLA_PC_UPDATE" time="17.468" classname="Automation.PS.STATES.LA.LA_PC_UPDATE"/>
  <testcase name="RunLA_PC_UPDATE" time="15.091" classname="Automation.PS.STATES.LA.LA_PC_UPDATE"/>
  <testcase name="RunLA_PC_UPDATE" time="15.061" classname="Automation.PS.STATES.LA.LA_PC_UPDATE"/>
  <testcase name="RunLA_PC_UPDATE" time="25.472" classname="Automation.PS.STATES.LA.LA_PC_UPDATE"/>
  <testcase name="RunLA_PC_UPDATE" time="14.640" classname="Automation.PS.STATES.LA.LA_PC_UPDATE"/>
  <testcase name="RunLA_PC_UPDATE" time="14.728" classname="Automation.PS.STATES.LA.LA_PC_UPDATE"/>
  <testcase name="RunLA_PC_UPDATE" time="24.985" classname="Automation.PS.STATES.LA.LA_PC_UPDATE"/>
  <testcase name="RunLA_PC_UPDATE" time="13.650" classname="Automation.PS.STATES.LA.LA_PC_UPDATE"/>
  <testcase name="RunLA_PC_UPDATE" time="13.444" classname="Automation.PS.STATES.LA.LA_PC_UPDATE"/>
  <testcase name="RunLA_PC_UPDATE" time="17.331" classname="Automation.PS.STATES.LA.LA_PC_UPDATE"/>
  <testcase name="RunLA_PC_UPDATE" time="14.764" classname="Automation.PS.STATES.LA.LA_PC_UPDATE"/>
  <testcase name="RunLA_PC_UPDATE" time="15.955" classname="Automation.PS.STATES.LA.LA_PC_UPDATE"/>
  <testcase name="RunLA_PC_UPDATE" time="16.175" classname="Automation.PS.STATES.LA.LA_PC_UPDATE"/>
  <testcase name="RunLA_PC_UPDATE" time="17.027" classname="Automation.PS.STATES.LA.LA_PC_UPDATE"/>
  <testcase name="RunLA_PC_UPDATE" time="16.858" classname="Automation.PS.STATES.LA.LA_PC_UPDATE"/>
  <testcase name="RunLA_PC_UPDATE" time="15.479" classname="Automation.PS.STATES.LA.LA_PC_UPDATE"/>
  <testcase name="RunLA_PC_UPDATE" time="50.896" classname="Automation.PS.STATES.LA.LA_PC_UPDATE"/>
  <testcase name="RunLA_PC_UPDATE" time="13.470" classname="Automation.PS.STATES.LA.LA_PC_UPDATE"/>
  <testcase name="RunLA_PC_UPDATE" time="54.658" classname="Automation.PS.STATES.LA.LA_PC_UPDATE"/>
  <testcase name="RunLA_PC_UPDATE" time="26.180" classname="Automation.PS.STATES.LA.LA_PC_UPDATE"/>
  <testcase name="RunLA_PC_UPDATE" time="56.339" classname="Automation.PS.STATES.LA.LA_PC_UPDATE"/>
  <testcase name="RunLA_PC_UPDATE" time="49.433" classname="Automation.PS.STATES.LA.LA_PC_UPDATE"/>
  <testcase name="RunLA_PC_UPDATE" time="15.052" classname="Automation.PS.STATES.LA.LA_PC_UPDATE"/>
  <testcase name="RunLA_PC_UPDATE" time="13.216" classname="Automation.PS.STATES.LA.LA_PC_UPDATE"/>
  <testcase name="RunLA_PC_UPDATE" time="12.365" classname="Automation.PS.STATES.LA.LA_PC_UPDATE"/>
  <testcase name="RunLA_PC_UPDATE" time="13.940" classname="Automation.PS.STATES.LA.LA_PC_UPDATE"/>
  <testcase name="RunLA_PC_UPDATE" time="14.486" classname="Automation.PS.STATES.LA.LA_PC_UPDATE"/>
  <testcase name="RunLA_PC_UPDATE" time="16.872" classname="Automation.PS.STATES.LA.LA_PC_UPDATE"/>
  <testcase name="RunLA_PC_UPDATE" time="15.541" classname="Automation.PS.STATES.LA.LA_PC_UPDATE"/>
  <testcase name="RunLA_PC_UPDATE" time="16.688" classname="Automation.PS.STATES.LA.LA_PC_UPDATE"/>
  <testcase name="RunLA_PC_UPDATE" time="56.531" classname="Automation.PS.STATES.LA.LA_PC_UPDATE"/>
  <testcase name="RunLA_PC_UPDATE" time="15.634" classname="Automation.PS.STATES.LA.LA_PC_UPDATE"/>
  <testcase name="RunLA_PC_UPDATE" time="47.492" classname="Automation.PS.STATES.LA.LA_PC_UPDATE"/>
  <testcase name="RunLA_PC_UPDATE" time="15.008" classname="Automation.PS.STATES.LA.LA_PC_UPDATE"/>
  <testcase name="RunLA_PC_UPDATE" time="14.164" classname="Automation.PS.STATES.LA.LA_PC_UPDATE"/>
  <testcase name="RunLA_PC_UPDATE" time="16.364" classname="Automation.PS.STATES.LA.LA_PC_UPDATE"/>
  <testcase name="RunLA_PC_UPDATE" time="15.787" classname="Automation.PS.STATES.LA.LA_PC_UPDATE"/>
  <testcase name="RunLA_PC_UPDATE" time="14.938" classname="Automation.PS.STATES.LA.LA_PC_UPDATE"/>
  <testcase name="RunLA_PC_UPDATE" time="14.988" classname="Automation.PS.STATES.LA.LA_PC_UPDATE"/>
  <testcase name="RunLA_PC_UPDATE" time="15.342" classname="Automation.PS.STATES.LA.LA_PC_UPDATE"/>
  <testcase name="RunLA_PC_UPDATE" time="16.322" classname="Automation.PS.STATES.LA.LA_PC_UPDATE"/>
  <testcase name="RunLA_PC_UPDATE" time="57.461" classname="Automation.PS.STATES.LA.LA_PC_UPDATE"/>
  <testcase name="RunLA_PC_UPDATE" time="52.733" classname="Automation.PS.STATES.LA.LA_PC_UPDATE"/>
  <testcase name="RunLA_PC_UPDATE" time="16.760" classname="Automation.PS.STATES.LA.LA_PC_UPDATE"/>
  <testcase name="RunLA_PC_UPDATE" time="14.741" classname="Automation.PS.STATES.LA.LA_PC_UPDATE"/>
  <testcase name="RunLA_PC_UPDATE" time="47.389" classname="Automation.PS.STATES.LA.LA_PC_UPDATE"/>
  <testcase name="RunLA_PC_UPDATE" time="16.919" classname="Automation.PS.STATES.LA.LA_PC_UPDATE"/>
  <testcase name="RunLA_PC_UPDATE" time="14.674" classname="Automation.PS.STATES.LA.LA_PC_UPDATE"/>
  <testcase name="RunLA_PC_UPDATE" time="13.639" classname="Automation.PS.STATES.LA.LA_PC_UPDATE"/>
  <testcase name="RunLA_PC_UPDATE" time="18.171" classname="Automation.PS.STATES.LA.LA_PC_UPDATE"/>
  <testcase name="RunLA_PC_UPDATE" time="15.144" classname="Automation.PS.STATES.LA.LA_PC_UPDATE"/>
  <testcase name="RunLA_PC_UPDATE" time="15.346" classname="Automation.PS.STATES.LA.LA_PC_UPDATE"/>
  <testcase name="RunLA_PC_UPDATE" time="56.108" classname="Automation.PS.STATES.LA.LA_PC_UPDATE"/>
  <testcase name="RunLA_PC_UPDATE" time="14.272" classname="Automation.PS.STATES.LA.LA_PC_UPDATE"/>
  <testcase name="RunLA_PC_UPDATE" time="18.211" classname="Automation.PS.STATES.LA.LA_PC_UPDATE"/>
  <testcase name="RunLA_PC_UPDATE" time="95.039" classname="Automation.PS.STATES.LA.LA_PC_UPDATE"/>
  <testcase name="RunLA_PC_UPDATE" time="14.577" classname="Automation.PS.STATES.LA.LA_PC_UPDATE"/>
  <testcase name="RunLA_PC_UPDATE" time="15.829" classname="Automation.PS.STATES.LA.LA_PC_UPDATE"/>
  <testcase name="RunLA_PC_UPDATE" time="14.519" classname="Automation.PS.STATES.LA.LA_PC_UPDATE"/>
  <testcase name="RunLA_PC_UPDATE" time="15.134" classname="Automation.PS.STATES.LA.LA_PC_UPDATE"/>
  <testcase name="RunLA_PC_UPDATE" time="15.043" classname="Automation.PS.STATES.LA.LA_PC_UPDATE"/>
  <testcase name="RunLA_PC_UPDATE" time="14.642" classname="Automation.PS.STATES.LA.LA_PC_UPDATE"/>
  <testcase name="RunLA_PC_UPDATE" time="13.997" classname="Automation.PS.STATES.LA.LA_PC_UPDATE"/>
  <testcase name="RunLA_PC_UPDATE" time="15.202" classname="Automation.PS.STATES.LA.LA_PC_UPDATE"/>
  <testcase name="RunLA_PC_UPDATE" time="13.928" classname="Automation.PS.STATES.LA.LA_PC_UPDATE"/>
  <testcase name="RunLA_PC_UPDATE" time="16.618" classname="Automation.PS.STATES.LA.LA_PC_UPDATE"/>
  <testcase name="RunLA_PC_UPDATE" time="17.611" classname="Automation.PS.STATES.LA.LA_PC_UPDATE"/>
  <testcase name="RunLA_PC_UPDATE" time="14.709" classname="Automation.PS.STATES.LA.LA_PC_UPDATE"/>
  <testcase name="RunLA_PC_UPDATE" time="15.819" classname="Automation.PS.STATES.LA.LA_PC_UPDATE"/>
  <testcase name="RunLA_PC_UPDATE" time="15.794" classname="Automation.PS.STATES.LA.LA_PC_UPDATE"/>
  <testcase name="RunLA_PC_UPDATE" time="14.653" classname="Automation.PS.STATES.LA.LA_PC_UPDATE"/>
  <testcase name="RunLA_PC_UPDATE" time="13.760" classname="Automation.PS.STATES.LA.LA_PC_UPDATE"/>
  <testcase name="RunLA_PC_UPDATE" time="25.621" classname="Automation.PS.STATES.LA.LA_PC_UPDATE"/>
  <testcase name="RunLA_PC_UPDATE" time="15.138" classname="Automation.PS.STATES.LA.LA_PC_UPDATE"/>
  <testcase name="RunLA_PC_UPDATE" time="14.549" classname="Automation.PS.STATES.LA.LA_PC_UPDATE"/>
  <testcase name="RunLA_PC_UPDATE" time="16.459" classname="Automation.PS.STATES.LA.LA_PC_UPDATE"/>
  <testcase name="RunLA_PC_UPDATE" time="15.924" classname="Automation.PS.STATES.LA.LA_PC_UPDATE"/>
  <testcase name="RunLA_PC_UPDATE" time="16.701" classname="Automation.PS.STATES.LA.LA_PC_UPDATE"/>
  <testcase name="RunLA_PC_UPDATE" time="16.335" classname="Automation.PS.STATES.LA.LA_PC_UPDATE"/>
  <testcase name="RunLA_PC_UPDATE" time="25.325" classname="Automation.PS.STATES.LA.LA_PC_UPDATE"/>
  <testcase name="RunLA_PC_UPDATE" time="15.441" classname="Automation.PS.STATES.LA.LA_PC_UPDATE"/>
  <testcase name="RunLA_PC_UPDATE" time="17.883" classname="Automation.PS.STATES.LA.LA_PC_UPDATE"/>
  <testcase name="RunLA_PC_UPDATE" time="15.378" classname="Automation.PS.STATES.LA.LA_PC_UPDATE"/>
  <testcase name="RunLA_PC_UPDATE" time="15.006" classname="Automation.PS.STATES.LA.LA_PC_UPDATE"/>
  <testcase name="RunLA_PC_UPDATE" time="9.685" classname="Automation.PS.STATES.LA.LA_PC_UPDATE"/>
  <testcase name="RunLA_PC_UPDATE" time="14.634" classname="Automation.PS.STATES.LA.LA_PC_UPDATE"/>
  <testcase name="RunLA_PC_UPDATE" time="17.128" classname="Automation.PS.STATES.LA.LA_PC_UPDATE"/>
  <testcase name="RunLA_PC_UPDATE" time="13.682" classname="Automation.PS.STATES.LA.LA_PC_UPDATE"/>
  <testcase name="RunLA_PC_UPDATE" time="16.659" classname="Automation.PS.STATES.LA.LA_PC_UPDATE"/>
  <testcase name="RunLA_PC_UPDATE" time="16.106" classname="Automation.PS.STATES.LA.LA_PC_UPDATE"/>
  <testcase name="RunLA_PC_UPDATE" time="14.602" classname="Automation.PS.STATES.LA.LA_PC_UPDATE"/>
  <testcase name="RunLA_PC_UPDATE" time="46.349" classname="Automation.PS.STATES.LA.LA_PC_UPDATE"/>
  <testcase name="RunLA_PC_UPDATE" time="15.741" classname="Automation.PS.STATES.LA.LA_PC_UPDATE"/>
  <testcase name="RunLA_PC_UPDATE" time="15.228" classname="Automation.PS.STATES.LA.LA_PC_UPDATE"/>
  <testcase name="RunLA_PC_UPDATE" time="15.437" classname="Automation.PS.STATES.LA.LA_PC_UPDATE"/>
  <testcase name="RunLA_PC_UPDATE" time="14.452" classname="Automation.PS.STATES.LA.LA_PC_UPDATE"/>
  <testcase name="RunLA_PC_UPDATE" time="15.137" classname="Automation.PS.STATES.LA.LA_PC_UPDATE"/>
  <testcase name="RunLA_PC_UPDATE" time="25.740" classname="Automation.PS.STATES.LA.LA_PC_UPDATE"/>
  <testcase name="RunLA_PC_UPDATE" time="15.356" classname="Automation.PS.STATES.LA.LA_PC_UPDATE"/>
  <testcase name="RunLA_PC_UPDATE" time="15.507" classname="Automation.PS.STATES.LA.LA_PC_UPDATE"/>
  <testcase name="RunLA_PC_UPDATE" time="17.332" classname="Automation.PS.STATES.LA.LA_PC_UPDATE"/>
  <testcase name="RunLA_PC_UPDATE" time="15.197" classname="Automation.PS.STATES.LA.LA_PC_UPDATE"/>
  <testcase name="RunLA_PC_UPDATE" time="15.076" classname="Automation.PS.STATES.LA.LA_PC_UPDATE"/>
  <testcase name="RunLA_PC_UPDATE" time="20.791" classname="Automation.PS.STATES.LA.LA_PC_UPDATE"/>
  <testcase name="RunLA_PC_UPDATE" time="16.655" classname="Automation.PS.STATES.LA.LA_PC_UPDATE"/>
  <testcase name="RunLA_PC_UPDATE" time="16.512" classname="Automation.PS.STATES.LA.LA_PC_UPDATE"/>
  <testcase name="RunLA_PC_UPDATE" time="15.510" classname="Automation.PS.STATES.LA.LA_PC_UPDATE"/>
  <testcase name="RunLA_PC_UPDATE" time="12.222" classname="Automation.PS.STATES.LA.LA_PC_UPDATE"/>
  <testcase name="RunLA_PC_UPDATE" time="15.316" classname="Automation.PS.STATES.LA.LA_PC_UPDATE"/>
  <testcase name="RunLA_PC_UPDATE" time="14.803" classname="Automation.PS.STATES.LA.LA_PC_UPDATE"/>
  <testcase name="RunLA_PC_UPDATE" time="16.296" classname="Automation.PS.STATES.LA.LA_PC_UPDATE"/>
  <testcase name="RunLA_PC_UPDATE" time="96.406" classname="Automation.PS.STATES.LA.LA_PC_UPDATE"/>
  <testcase name="RunLA_PC_UPDATE" time="15.164" classname="Automation.PS.STATES.LA.LA_PC_UPDATE"/>
  <testcase name="RunLA_PC_UPDATE" time="15.202" classname="Automation.PS.STATES.LA.LA_PC_UPDATE"/>
  <testcase name="RunLA_PC_UPDATE" time="8.296" classname="Automation.PS.STATES.LA.LA_PC_UPDATE"/>
  <testcase name="RunLA_PC_UPDATE" time="16.606" classname="Automation.PS.STATES.LA.LA_PC_UPDATE"/>
  <testcase name="RunLA_PC_UPDATE" time="15.818" classname="Automation.PS.STATES.LA.LA_PC_UPDATE"/>
  <testcase name="RunLA_PC_UPDATE" time="41.530" classname="Automation.PS.STATES.LA.LA_PC_UPDATE"/>
  <testcase name="RunLA_PC_UPDATE" time="15.461" classname="Automation.PS.STATES.LA.LA_PC_UPDATE"/>
  <testcase name="RunLA_PC_UPDATE" time="20.132" classname="Automation.PS.STATES.LA.LA_PC_UPDATE"/>
  <testcase name="RunLA_PC_UPDATE" time="16.009" classname="Automation.PS.STATES.LA.LA_PC_UPDATE"/>
  <testcase name="RunLA_PC_UPDATE" time="15.783" classname="Automation.PS.STATES.LA.LA_PC_UPDATE"/>
  <testcase name="RunLA_PC_UPDATE" time="18.259" classname="Automation.PS.STATES.LA.LA_PC_UPDATE"/>
  <testcase name="RunLA_PC_UPDATE" time="15.310" classname="Automation.PS.STATES.LA.LA_PC_UPDATE"/>
  <testcase name="RunLA_PC_UPDATE" time="15.113" classname="Automation.PS.STATES.LA.LA_PC_UPDATE"/>
  <testcase name="RunLA_PC_UPDATE" time="16.507" classname="Automation.PS.STATES.LA.LA_PC_UPDATE"/>
  <testcase name="RunLA_PC_UPDATE" time="16.619" classname="Automation.PS.STATES.LA.LA_PC_UPDATE"/>
  <testcase name="RunLA_PC_UPDATE" time="12.995" classname="Automation.PS.STATES.LA.LA_PC_UPDATE"/>
  <testcase name="RunLA_PC_UPDATE" time="14.624" classname="Automation.PS.STATES.LA.LA_PC_UPDATE"/>
  <testcase name="RunLA_PC_UPDATE" time="46.259" classname="Automation.PS.STATES.LA.LA_PC_UPDATE"/>
  <testcase name="RunLA_PC_UPDATE" time="45.337" classname="Automation.PS.STATES.LA.LA_PC_UPDATE"/>
  <testcase name="RunLA_PC_UPDATE" time="15.745" classname="Automation.PS.STATES.LA.LA_PC_UPDATE"/>
  <testcase name="RunLA_PC_UPDATE" time="19.223" classname="Automation.PS.STATES.LA.LA_PC_UPDATE"/>
  <testcase name="RunLA_PC_UPDATE" time="17.806" classname="Automation.PS.STATES.LA.LA_PC_UPDATE"/>
  <testcase name="RunLA_PC_UPDATE" time="9.291" classname="Automation.PS.STATES.LA.LA_PC_UPDATE"/>
  <testcase name="RunLA_PC_UPDATE" time="17.204" classname="Automation.PS.STATES.LA.LA_PC_UPDATE"/>
  <testcase name="RunLA_PC_UPDATE" time="18.286" classname="Automation.PS.STATES.LA.LA_PC_UPDATE"/>
  <testcase name="RunLA_PC_UPDATE" time="27.453" classname="Automation.PS.STATES.LA.LA_PC_UPDATE"/>
  <testcase name="RunLA_PC_UPDATE" time="17.483" classname="Automation.PS.STATES.LA.LA_PC_UPDATE"/>
  <testcase name="RunLA_PC_UPDATE" time="15.493" classname="Automation.PS.STATES.LA.LA_PC_UPDATE"/>
  <testcase name="RunLA_PC_UPDATE" time="15.027" classname="Automation.PS.STATES.LA.LA_PC_UPDATE"/>
  <testcase name="RunLA_PC_UPDATE" time="17.237" classname="Automation.PS.STATES.LA.LA_PC_UPDATE"/>
  <testcase name="RunLA_PC_UPDATE" time="12.460" classname="Automation.PS.STATES.LA.LA_PC_UPDATE"/>
  <testcase name="RunLA_PC_UPDATE" time="15.672" classname="Automation.PS.STATES.LA.LA_PC_UPDATE"/>
  <testcase name="RunLA_PC_UPDATE" time="12.912" classname="Automation.PS.STATES.LA.LA_PC_UPDATE"/>
  <testcase name="RunLA_PC_UPDATE" time="26.006" classname="Automation.PS.STATES.LA.LA_PC_UPDATE"/>
  <testcase name="RunLA_PC_UPDATE" time="18.381" classname="Automation.PS.STATES.LA.LA_PC_UPDATE"/>
  <testcase name="RunLA_PC_UPDATE" time="12.624" classname="Automation.PS.STATES.LA.LA_PC_UPDATE"/>
  <testcase name="RunLA_PC_UPDATE" time="27.705" classname="Automation.PS.STATES.LA.LA_PC_UPDATE"/>
  <testcase name="RunLA_PC_UPDATE" time="16.355" classname="Automation.PS.STATES.LA.LA_PC_UPDATE"/>
</testsuite> <!-- Automation.PS.STATES.LA.LA_PC_UPDATE -->
