<?xml version="1.0" encoding="UTF-8"?>
<!-- Generated by org.testng.reporters.JUnitReportReporter -->
<testsuite hostname="D572R1G2" failures="0" tests="2" name="Automation.PS.extentreports.ExtentReport" time="0.033" errors="0" timestamp="25 Jul 2018 19:14:47 GMT" skipped="0">
  <testcase classname="Automation.PS.extentreports.ExtentReport" name="TestLogin" time="0.004"/>
  <testcase classname="Automation.PS.extentreports.ExtentReport" name="TestLogOut" time="0.029"/>
</testsuite> <!-- Automation.PS.extentreports.ExtentReport -->
