<?xml version="1.0" encoding="UTF-8"?>
<!-- Generated by org.testng.reporters.JUnitReportReporter -->
<testsuite hostname="D572R1G2" failures="0" tests="1" name="Automation.PS.STATES.ND.ND_HO3" time="43.146" errors="0" timestamp="26 Jul 2018 20:10:19 GMT" skipped="0">
  <testcase classname="Automation.PS.STATES.ND.ND_HO3" name="RunAR_HO3" time="43.146"/>
</testsuite> <!-- Automation.PS.STATES.ND.ND_HO3 -->
