<?xml version="1.0" encoding="UTF-8"?>
<!-- Generated by org.testng.reporters.JUnitReportReporter -->
<testsuite skipped="0" hostname="D572R1G2" name="Automation.PS.UMB.FL_UMBBatchQuote" tests="1" failures="0" timestamp="21 Feb 2019 14:53:57 GMT" time="54.028" errors="0">
  <testcase name="Run_UMB_BatchQuote" time="54.028" classname="Automation.PS.UMB.FL_UMBBatchQuote"/>
</testsuite> <!-- Automation.PS.UMB.FL_UMBBatchQuote -->
