<?xml version="1.0" encoding="UTF-8"?>
<!-- Generated by org.testng.reporters.JUnitReportReporter -->
<testsuite skipped="0" hostname="D572R1G2" name="Automation.PS.ACH.ACH_NSF" tests="131" failures="0" timestamp="07 Feb 2019 21:38:38 GMT" time="310.830" errors="0">
  <testcase name="RunACH_NSF" time="1.980" classname="Automation.PS.ACH.ACH_NSF"/>
  <testcase name="RunACH_NSF" time="2.188" classname="Automation.PS.ACH.ACH_NSF"/>
  <testcase name="RunACH_NSF" time="3.084" classname="Automation.PS.ACH.ACH_NSF"/>
  <testcase name="RunACH_NSF" time="2.226" classname="Automation.PS.ACH.ACH_NSF"/>
  <testcase name="RunACH_NSF" time="1.622" classname="Automation.PS.ACH.ACH_NSF"/>
  <testcase name="RunACH_NSF" time="2.649" classname="Automation.PS.ACH.ACH_NSF"/>
  <testcase name="RunACH_NSF" time="3.375" classname="Automation.PS.ACH.ACH_NSF"/>
  <testcase name="RunACH_NSF" time="2.697" classname="Automation.PS.ACH.ACH_NSF"/>
  <testcase name="RunACH_NSF" time="1.563" classname="Automation.PS.ACH.ACH_NSF"/>
  <testcase name="RunACH_NSF" time="1.864" classname="Automation.PS.ACH.ACH_NSF"/>
  <testcase name="RunACH_NSF" time="2.069" classname="Automation.PS.ACH.ACH_NSF"/>
  <testcase name="RunACH_NSF" time="1.449" classname="Automation.PS.ACH.ACH_NSF"/>
  <testcase name="RunACH_NSF" time="2.166" classname="Automation.PS.ACH.ACH_NSF"/>
  <testcase name="RunACH_NSF" time="1.793" classname="Automation.PS.ACH.ACH_NSF"/>
  <testcase name="RunACH_NSF" time="1.639" classname="Automation.PS.ACH.ACH_NSF"/>
  <testcase name="RunACH_NSF" time="2.976" classname="Automation.PS.ACH.ACH_NSF"/>
  <testcase name="RunACH_NSF" time="2.698" classname="Automation.PS.ACH.ACH_NSF"/>
  <testcase name="RunACH_NSF" time="1.650" classname="Automation.PS.ACH.ACH_NSF"/>
  <testcase name="RunACH_NSF" time="1.592" classname="Automation.PS.ACH.ACH_NSF"/>
  <testcase name="RunACH_NSF" time="1.624" classname="Automation.PS.ACH.ACH_NSF"/>
  <testcase name="RunACH_NSF" time="2.495" classname="Automation.PS.ACH.ACH_NSF"/>
  <testcase name="RunACH_NSF" time="3.042" classname="Automation.PS.ACH.ACH_NSF"/>
  <testcase name="RunACH_NSF" time="2.993" classname="Automation.PS.ACH.ACH_NSF"/>
  <testcase name="RunACH_NSF" time="2.685" classname="Automation.PS.ACH.ACH_NSF"/>
  <testcase name="RunACH_NSF" time="2.160" classname="Automation.PS.ACH.ACH_NSF"/>
  <testcase name="RunACH_NSF" time="1.732" classname="Automation.PS.ACH.ACH_NSF"/>
  <testcase name="RunACH_NSF" time="2.495" classname="Automation.PS.ACH.ACH_NSF"/>
  <testcase name="RunACH_NSF" time="4.841" classname="Automation.PS.ACH.ACH_NSF"/>
  <testcase name="RunACH_NSF" time="4.480" classname="Automation.PS.ACH.ACH_NSF"/>
  <testcase name="RunACH_NSF" time="1.747" classname="Automation.PS.ACH.ACH_NSF"/>
  <testcase name="RunACH_NSF" time="2.312" classname="Automation.PS.ACH.ACH_NSF"/>
  <testcase name="RunACH_NSF" time="4.125" classname="Automation.PS.ACH.ACH_NSF"/>
  <testcase name="RunACH_NSF" time="2.723" classname="Automation.PS.ACH.ACH_NSF"/>
  <testcase name="RunACH_NSF" time="2.355" classname="Automation.PS.ACH.ACH_NSF"/>
  <testcase name="RunACH_NSF" time="2.677" classname="Automation.PS.ACH.ACH_NSF"/>
  <testcase name="RunACH_NSF" time="3.654" classname="Automation.PS.ACH.ACH_NSF"/>
  <testcase name="RunACH_NSF" time="1.567" classname="Automation.PS.ACH.ACH_NSF"/>
  <testcase name="RunACH_NSF" time="1.157" classname="Automation.PS.ACH.ACH_NSF"/>
  <testcase name="RunACH_NSF" time="1.314" classname="Automation.PS.ACH.ACH_NSF"/>
  <testcase name="RunACH_NSF" time="2.614" classname="Automation.PS.ACH.ACH_NSF"/>
  <testcase name="RunACH_NSF" time="2.111" classname="Automation.PS.ACH.ACH_NSF"/>
  <testcase name="RunACH_NSF" time="1.895" classname="Automation.PS.ACH.ACH_NSF"/>
  <testcase name="RunACH_NSF" time="1.371" classname="Automation.PS.ACH.ACH_NSF"/>
  <testcase name="RunACH_NSF" time="1.394" classname="Automation.PS.ACH.ACH_NSF"/>
  <testcase name="RunACH_NSF" time="1.717" classname="Automation.PS.ACH.ACH_NSF"/>
  <testcase name="RunACH_NSF" time="1.936" classname="Automation.PS.ACH.ACH_NSF"/>
  <testcase name="RunACH_NSF" time="1.171" classname="Automation.PS.ACH.ACH_NSF"/>
  <testcase name="RunACH_NSF" time="3.803" classname="Automation.PS.ACH.ACH_NSF"/>
  <testcase name="RunACH_NSF" time="1.155" classname="Automation.PS.ACH.ACH_NSF"/>
  <testcase name="RunACH_NSF" time="3.701" classname="Automation.PS.ACH.ACH_NSF"/>
  <testcase name="RunACH_NSF" time="3.203" classname="Automation.PS.ACH.ACH_NSF"/>
  <testcase name="RunACH_NSF" time="2.316" classname="Automation.PS.ACH.ACH_NSF"/>
  <testcase name="RunACH_NSF" time="1.350" classname="Automation.PS.ACH.ACH_NSF"/>
  <testcase name="RunACH_NSF" time="1.421" classname="Automation.PS.ACH.ACH_NSF"/>
  <testcase name="RunACH_NSF" time="2.498" classname="Automation.PS.ACH.ACH_NSF"/>
  <testcase name="RunACH_NSF" time="1.786" classname="Automation.PS.ACH.ACH_NSF"/>
  <testcase name="RunACH_NSF" time="1.692" classname="Automation.PS.ACH.ACH_NSF"/>
  <testcase name="RunACH_NSF" time="4.373" classname="Automation.PS.ACH.ACH_NSF"/>
  <testcase name="RunACH_NSF" time="1.402" classname="Automation.PS.ACH.ACH_NSF"/>
  <testcase name="RunACH_NSF" time="2.477" classname="Automation.PS.ACH.ACH_NSF"/>
  <testcase name="RunACH_NSF" time="2.489" classname="Automation.PS.ACH.ACH_NSF"/>
  <testcase name="RunACH_NSF" time="3.128" classname="Automation.PS.ACH.ACH_NSF"/>
  <testcase name="RunACH_NSF" time="3.739" classname="Automation.PS.ACH.ACH_NSF"/>
  <testcase name="RunACH_NSF" time="1.214" classname="Automation.PS.ACH.ACH_NSF"/>
  <testcase name="RunACH_NSF" time="1.692" classname="Automation.PS.ACH.ACH_NSF"/>
  <testcase name="RunACH_NSF" time="1.327" classname="Automation.PS.ACH.ACH_NSF"/>
  <testcase name="RunACH_NSF" time="1.560" classname="Automation.PS.ACH.ACH_NSF"/>
  <testcase name="RunACH_NSF" time="5.007" classname="Automation.PS.ACH.ACH_NSF"/>
  <testcase name="RunACH_NSF" time="3.359" classname="Automation.PS.ACH.ACH_NSF"/>
  <testcase name="RunACH_NSF" time="1.279" classname="Automation.PS.ACH.ACH_NSF"/>
  <testcase name="RunACH_NSF" time="2.013" classname="Automation.PS.ACH.ACH_NSF"/>
  <testcase name="RunACH_NSF" time="2.298" classname="Automation.PS.ACH.ACH_NSF"/>
  <testcase name="RunACH_NSF" time="2.696" classname="Automation.PS.ACH.ACH_NSF"/>
  <testcase name="RunACH_NSF" time="1.683" classname="Automation.PS.ACH.ACH_NSF"/>
  <testcase name="RunACH_NSF" time="1.743" classname="Automation.PS.ACH.ACH_NSF"/>
  <testcase name="RunACH_NSF" time="1.476" classname="Automation.PS.ACH.ACH_NSF"/>
  <testcase name="RunACH_NSF" time="3.199" classname="Automation.PS.ACH.ACH_NSF"/>
  <testcase name="RunACH_NSF" time="1.746" classname="Automation.PS.ACH.ACH_NSF"/>
  <testcase name="RunACH_NSF" time="4.700" classname="Automation.PS.ACH.ACH_NSF"/>
  <testcase name="RunACH_NSF" time="2.712" classname="Automation.PS.ACH.ACH_NSF"/>
  <testcase name="RunACH_NSF" time="4.389" classname="Automation.PS.ACH.ACH_NSF"/>
  <testcase name="RunACH_NSF" time="2.837" classname="Automation.PS.ACH.ACH_NSF"/>
  <testcase name="RunACH_NSF" time="3.369" classname="Automation.PS.ACH.ACH_NSF"/>
  <testcase name="RunACH_NSF" time="3.513" classname="Automation.PS.ACH.ACH_NSF"/>
  <testcase name="RunACH_NSF" time="2.454" classname="Automation.PS.ACH.ACH_NSF"/>
  <testcase name="RunACH_NSF" time="1.236" classname="Automation.PS.ACH.ACH_NSF"/>
  <testcase name="RunACH_NSF" time="4.104" classname="Automation.PS.ACH.ACH_NSF"/>
  <testcase name="RunACH_NSF" time="2.694" classname="Automation.PS.ACH.ACH_NSF"/>
  <testcase name="RunACH_NSF" time="3.788" classname="Automation.PS.ACH.ACH_NSF"/>
  <testcase name="RunACH_NSF" time="2.654" classname="Automation.PS.ACH.ACH_NSF"/>
  <testcase name="RunACH_NSF" time="2.536" classname="Automation.PS.ACH.ACH_NSF"/>
  <testcase name="RunACH_NSF" time="0.911" classname="Automation.PS.ACH.ACH_NSF"/>
  <testcase name="RunACH_NSF" time="1.142" classname="Automation.PS.ACH.ACH_NSF"/>
  <testcase name="RunACH_NSF" time="1.293" classname="Automation.PS.ACH.ACH_NSF"/>
  <testcase name="RunACH_NSF" time="2.013" classname="Automation.PS.ACH.ACH_NSF"/>
  <testcase name="RunACH_NSF" time="1.779" classname="Automation.PS.ACH.ACH_NSF"/>
  <testcase name="RunACH_NSF" time="5.344" classname="Automation.PS.ACH.ACH_NSF"/>
  <testcase name="RunACH_NSF" time="2.849" classname="Automation.PS.ACH.ACH_NSF"/>
  <testcase name="RunACH_NSF" time="4.332" classname="Automation.PS.ACH.ACH_NSF"/>
  <testcase name="RunACH_NSF" time="2.608" classname="Automation.PS.ACH.ACH_NSF"/>
  <testcase name="RunACH_NSF" time="1.628" classname="Automation.PS.ACH.ACH_NSF"/>
  <testcase name="RunACH_NSF" time="1.378" classname="Automation.PS.ACH.ACH_NSF"/>
  <testcase name="RunACH_NSF" time="3.347" classname="Automation.PS.ACH.ACH_NSF"/>
  <testcase name="RunACH_NSF" time="1.455" classname="Automation.PS.ACH.ACH_NSF"/>
  <testcase name="RunACH_NSF" time="3.541" classname="Automation.PS.ACH.ACH_NSF"/>
  <testcase name="RunACH_NSF" time="2.824" classname="Automation.PS.ACH.ACH_NSF"/>
  <testcase name="RunACH_NSF" time="2.291" classname="Automation.PS.ACH.ACH_NSF"/>
  <testcase name="RunACH_NSF" time="1.699" classname="Automation.PS.ACH.ACH_NSF"/>
  <testcase name="RunACH_NSF" time="3.052" classname="Automation.PS.ACH.ACH_NSF"/>
  <testcase name="RunACH_NSF" time="3.656" classname="Automation.PS.ACH.ACH_NSF"/>
  <testcase name="RunACH_NSF" time="1.513" classname="Automation.PS.ACH.ACH_NSF"/>
  <testcase name="RunACH_NSF" time="3.125" classname="Automation.PS.ACH.ACH_NSF"/>
  <testcase name="RunACH_NSF" time="1.005" classname="Automation.PS.ACH.ACH_NSF"/>
  <testcase name="RunACH_NSF" time="2.312" classname="Automation.PS.ACH.ACH_NSF"/>
  <testcase name="RunACH_NSF" time="1.833" classname="Automation.PS.ACH.ACH_NSF"/>
  <testcase name="RunACH_NSF" time="1.468" classname="Automation.PS.ACH.ACH_NSF"/>
  <testcase name="RunACH_NSF" time="1.616" classname="Automation.PS.ACH.ACH_NSF"/>
  <testcase name="RunACH_NSF" time="2.044" classname="Automation.PS.ACH.ACH_NSF"/>
  <testcase name="RunACH_NSF" time="2.404" classname="Automation.PS.ACH.ACH_NSF"/>
  <testcase name="RunACH_NSF" time="1.868" classname="Automation.PS.ACH.ACH_NSF"/>
  <testcase name="RunACH_NSF" time="1.565" classname="Automation.PS.ACH.ACH_NSF"/>
  <testcase name="RunACH_NSF" time="1.881" classname="Automation.PS.ACH.ACH_NSF"/>
  <testcase name="RunACH_NSF" time="2.274" classname="Automation.PS.ACH.ACH_NSF"/>
  <testcase name="RunACH_NSF" time="2.406" classname="Automation.PS.ACH.ACH_NSF"/>
  <testcase name="RunACH_NSF" time="0.961" classname="Automation.PS.ACH.ACH_NSF"/>
  <testcase name="RunACH_NSF" time="1.445" classname="Automation.PS.ACH.ACH_NSF"/>
  <testcase name="RunACH_NSF" time="1.435" classname="Automation.PS.ACH.ACH_NSF"/>
  <testcase name="RunACH_NSF" time="2.503" classname="Automation.PS.ACH.ACH_NSF"/>
  <testcase name="RunACH_NSF" time="2.509" classname="Automation.PS.ACH.ACH_NSF"/>
  <testcase name="RunACH_NSF" time="2.464" classname="Automation.PS.ACH.ACH_NSF"/>
  <testcase name="RunACH_NSF" time="3.579" classname="Automation.PS.ACH.ACH_NSF"/>
</testsuite> <!-- Automation.PS.ACH.ACH_NSF -->
