<?xml version="1.0" encoding="UTF-8"?>
<!-- Generated by org.testng.reporters.JUnitReportReporter -->
<testsuite hostname="RSUPERTY1" failures="0" tests="10" name="Automation.PS.REGRESSION.POLICY_SEARCH" time="40.849" errors="0" timestamp="16 Aug 2018 14:05:19 GMT" skipped="0">
  <testcase classname="Automation.PS.REGRESSION.POLICY_SEARCH" name="RunPOLICY_SEARCH" time="3.358"/>
  <testcase classname="Automation.PS.REGRESSION.POLICY_SEARCH" name="RunPOLICY_SEARCH" time="4.573"/>
  <testcase classname="Automation.PS.REGRESSION.POLICY_SEARCH" name="RunPOLICY_SEARCH" time="5.381"/>
  <testcase classname="Automation.PS.REGRESSION.POLICY_SEARCH" name="RunPOLICY_SEARCH" time="4.375"/>
  <testcase classname="Automation.PS.REGRESSION.POLICY_SEARCH" name="RunPOLICY_SEARCH" time="4.145"/>
  <testcase classname="Automation.PS.REGRESSION.POLICY_SEARCH" name="RunPOLICY_SEARCH" time="4.552"/>
  <testcase classname="Automation.PS.REGRESSION.POLICY_SEARCH" name="RunPOLICY_SEARCH" time="3.679"/>
  <testcase classname="Automation.PS.REGRESSION.POLICY_SEARCH" name="RunPOLICY_SEARCH" time="4.342"/>
  <testcase classname="Automation.PS.REGRESSION.POLICY_SEARCH" name="RunPOLICY_SEARCH" time="3.357"/>
  <testcase classname="Automation.PS.REGRESSION.POLICY_SEARCH" name="RunPOLICY_SEARCH" time="3.087"/>
</testsuite> <!-- Automation.PS.REGRESSION.POLICY_SEARCH -->
